2025-01-21 00:00:08,136 [INFO] WebApp:190 - Connection lost
2025-01-21 00:00:08,679 [INFO] WebApp:187 - Connection restablished
2025-01-21 00:00:11,888 [INFO] WebApp:190 - Connection lost
2025-01-21 00:00:26,119 [INFO] WebApp:187 - Connection restablished
2025-01-21 00:00:28,949 [INFO] WebApp:190 - Connection lost
2025-01-21 00:00:29,149 [INFO] WebApp:187 - Connection restablished
2025-01-21 00:01:26,865 [INFO] WebApp:190 - Connection lost
2025-01-21 00:01:34,305 [INFO] WebApp:187 - Connection restablished
2025-01-21 00:40:49,684 [INFO] TasksAndQueuesTab:757 - Dynamic
2025-01-21 00:40:49,689 [WARN] TasksAndQueuesTab:763 - 128 128
2025-01-21 00:40:49,690 [WARN] TasksAndQueuesTab:775 - max value is: 4096.0
2025-01-21 00:40:49,690 [INFO] TasksAndQueuesTab:757 - Dynamic
2025-01-21 00:40:49,690 [WARN] TasksAndQueuesTab:763 - 256 128
2025-01-21 00:40:49,690 [WARN] TasksAndQueuesTab:775 - max value is: 4096.0
2025-01-21 00:40:49,691 [INFO] TasksAndQueuesTab:757 - Dynamic
2025-01-21 00:40:49,691 [WARN] TasksAndQueuesTab:763 - 128 128
2025-01-21 00:40:49,691 [WARN] TasksAndQueuesTab:775 - max value is: 4096.0
2025-01-21 00:40:49,692 [INFO] TasksAndQueuesTab:757 - Dynamic
2025-01-21 00:40:49,692 [WARN] TasksAndQueuesTab:763 - 128 128
2025-01-21 00:40:49,692 [WARN] TasksAndQueuesTab:775 - max value is: 4096.0
2025-01-21 00:40:49,693 [INFO] TasksAndQueuesTab:757 - Dynamic
2025-01-21 00:40:49,693 [WARN] TasksAndQueuesTab:763 - 128 128
2025-01-21 00:40:49,693 [WARN] TasksAndQueuesTab:775 - max value is: 4096.0
2025-01-21 00:40:49,693 [INFO] TasksAndQueuesTab:757 - Dynamic
2025-01-21 00:40:49,693 [WARN] TasksAndQueuesTab:763 - 128 128
2025-01-21 00:40:49,694 [WARN] TasksAndQueuesTab:775 - max value is: 4096.0
2025-01-21 00:40:51,589 [INFO] UtilMem:75 - End SaveConfig() Used Memory: 430878336 Bytes (877658112)
2025-01-21 00:40:51,743 [INFO] UtilMem:75 - End SaveConfig() Used Memory: 444088688 Bytes (877658112)
2025-01-21 00:40:58,127 [INFO] UtilMem:75 - End SaveConfig() Used Memory: 516130232 Bytes (877658112)
2025-01-21 00:40:58,955 [INFO] BlockDiagram:2766 - set Specific Code input for plugin: NVIC
2025-01-21 00:40:58,955 [INFO] BlockDiagram:2766 - set Specific Code input for plugin: FREERTOS
2025-01-21 00:40:58,955 [INFO] BlockDiagram:2766 - set Specific Code input for plugin: USART
2025-01-21 00:40:58,955 [INFO] BlockDiagram:2766 - set Specific Code input for plugin: SYS
2025-01-21 00:40:58,956 [INFO] BlockDiagram:2766 - set Specific Code input for plugin: GPIO
2025-01-21 00:40:58,957 [INFO] BlockDiagram:2766 - set Specific Code input for plugin: RCC
2025-01-21 00:40:58,957 [INFO] BlockDiagram:2766 - set Specific Code input for plugin: I2C
2025-01-21 00:40:58,958 [INFO] CodeGenerator:896 - code generatio: config db path: C:\ST\STM32CubeIDE_1.15.1\STM32CubeIDE\plugins\com.st.stm32cube.common.mx_6.13.0.202411220809\\db\
2025-01-21 00:40:58,975 [WARN] IP:2251 - I2C_Coeff_DF not found: check if there is a RefParameter without a condition.
2025-01-21 00:40:58,975 [WARN] IP:2251 - Analog_Filter not found: check if there is a RefParameter without a condition.
2025-01-21 00:40:59,183 [INFO] CodeEngine:255 - oldGeneratedFile, D:\File\Project\TKHTN2024\CodeSTM\RMS\MXTmpFiles\license.tmp_save
2025-01-21 00:40:59,912 [INFO] CodeEngine:279 - Generated code: D:\File\Project\TKHTN2024\CodeSTM\RMS\MXTmpFiles\license.tmp
2025-01-21 00:41:00,006 [INFO] CodeEngine:255 - oldGeneratedFile, D:\File\Project\TKHTN2024\CodeSTM\RMS\MXTmpFiles\gpio.tmp_save
2025-01-21 00:41:00,409 [INFO] CodeEngine:279 - Generated code: D:\File\Project\TKHTN2024\CodeSTM\RMS\MXTmpFiles\gpio.tmp
2025-01-21 00:41:00,703 [INFO] Middleware:1450 - No code input for Bsp Dependency
2025-01-21 00:41:00,722 [INFO] CodeEngine:255 - oldGeneratedFile, D:\File\Project\TKHTN2024\CodeSTM\RMS\MXTmpFiles\rtos_inc.tmp_save
2025-01-21 00:41:01,068 [INFO] CodeEngine:279 - Generated code: D:\File\Project\TKHTN2024\CodeSTM\RMS\MXTmpFiles\rtos_inc.tmp
2025-01-21 00:41:01,078 [INFO] CodeEngine:255 - oldGeneratedFile, D:\File\Project\TKHTN2024\CodeSTM\RMS\MXTmpFiles\rtos_vars.tmp_save
2025-01-21 00:41:01,364 [INFO] CodeEngine:279 - Generated code: D:\File\Project\TKHTN2024\CodeSTM\RMS\MXTmpFiles\rtos_vars.tmp
2025-01-21 00:41:01,373 [INFO] CodeEngine:255 - oldGeneratedFile, D:\File\Project\TKHTN2024\CodeSTM\RMS\MXTmpFiles\rtos_pfp.tmp_save
2025-01-21 00:41:01,630 [INFO] CodeEngine:279 - Generated code: D:\File\Project\TKHTN2024\CodeSTM\RMS\MXTmpFiles\rtos_pfp.tmp
2025-01-21 00:41:01,641 [INFO] CodeEngine:255 - oldGeneratedFile, D:\File\Project\TKHTN2024\CodeSTM\RMS\MXTmpFiles\rtos_obj_creat.tmp_save
2025-01-21 00:41:01,909 [INFO] CodeEngine:279 - Generated code: D:\File\Project\TKHTN2024\CodeSTM\RMS\MXTmpFiles\rtos_obj_creat.tmp
2025-01-21 00:41:01,919 [INFO] CodeEngine:255 - oldGeneratedFile, D:\File\Project\TKHTN2024\CodeSTM\RMS\MXTmpFiles\rtos_kernelStart.tmp_save
2025-01-21 00:41:02,100 [INFO] CodeEngine:279 - Generated code: D:\File\Project\TKHTN2024\CodeSTM\RMS\MXTmpFiles\rtos_kernelStart.tmp
2025-01-21 00:41:02,121 [INFO] CodeEngine:255 - oldGeneratedFile, D:\File\Project\TKHTN2024\CodeSTM\RMS\MXTmpFiles\rtos_default_thread.tmp_save
2025-01-21 00:41:02,285 [INFO] CodeEngine:279 - Generated code: D:\File\Project\TKHTN2024\CodeSTM\RMS\MXTmpFiles\rtos_default_thread.tmp
2025-01-21 00:41:02,310 [INFO] CodeEngine:255 - oldGeneratedFile, D:\File\Project\TKHTN2024\CodeSTM\RMS\MXTmpFiles\rtos_threads.tmp_save
2025-01-21 00:41:02,488 [INFO] CodeEngine:279 - Generated code: D:\File\Project\TKHTN2024\CodeSTM\RMS\MXTmpFiles\rtos_threads.tmp
2025-01-21 00:41:02,525 [INFO] Middleware:1450 - No code input for Bsp Dependency
2025-01-21 00:41:02,546 [INFO] CodeEngine:255 - oldGeneratedFile, D:\File\Project\TKHTN2024\CodeSTM\RMS\MXTmpFiles\rtos_inc.tmp_save
2025-01-21 00:41:02,809 [INFO] CodeEngine:279 - Generated code: D:\File\Project\TKHTN2024\CodeSTM\RMS\MXTmpFiles\rtos_inc.tmp
2025-01-21 00:41:02,821 [INFO] CodeEngine:255 - oldGeneratedFile, D:\File\Project\TKHTN2024\CodeSTM\RMS\MXTmpFiles\rtos_vars.tmp_save
2025-01-21 00:41:03,043 [INFO] CodeEngine:279 - Generated code: D:\File\Project\TKHTN2024\CodeSTM\RMS\MXTmpFiles\rtos_vars.tmp
2025-01-21 00:41:03,055 [INFO] CodeEngine:255 - oldGeneratedFile, D:\File\Project\TKHTN2024\CodeSTM\RMS\MXTmpFiles\rtos_pfp.tmp_save
2025-01-21 00:41:03,203 [INFO] CodeEngine:279 - Generated code: D:\File\Project\TKHTN2024\CodeSTM\RMS\MXTmpFiles\rtos_pfp.tmp
2025-01-21 00:41:03,235 [INFO] CodeEngine:255 - oldGeneratedFile, D:\File\Project\TKHTN2024\CodeSTM\RMS\MXTmpFiles\rtos_obj_creat.tmp_save
2025-01-21 00:41:03,389 [INFO] CodeEngine:279 - Generated code: D:\File\Project\TKHTN2024\CodeSTM\RMS\MXTmpFiles\rtos_obj_creat.tmp
2025-01-21 00:41:03,400 [INFO] CodeEngine:255 - oldGeneratedFile, D:\File\Project\TKHTN2024\CodeSTM\RMS\MXTmpFiles\rtos_kernelStart.tmp_save
2025-01-21 00:41:03,554 [INFO] CodeEngine:279 - Generated code: D:\File\Project\TKHTN2024\CodeSTM\RMS\MXTmpFiles\rtos_kernelStart.tmp
2025-01-21 00:41:03,566 [INFO] CodeEngine:255 - oldGeneratedFile, D:\File\Project\TKHTN2024\CodeSTM\RMS\MXTmpFiles\rtos_default_thread.tmp_save
2025-01-21 00:41:03,723 [INFO] CodeEngine:279 - Generated code: D:\File\Project\TKHTN2024\CodeSTM\RMS\MXTmpFiles\rtos_default_thread.tmp
2025-01-21 00:41:03,735 [INFO] CodeEngine:255 - oldGeneratedFile, D:\File\Project\TKHTN2024\CodeSTM\RMS\MXTmpFiles\rtos_threads.tmp_save
2025-01-21 00:41:03,903 [INFO] CodeEngine:279 - Generated code: D:\File\Project\TKHTN2024\CodeSTM\RMS\MXTmpFiles\rtos_threads.tmp
2025-01-21 00:41:03,938 [INFO] CodeEngine:255 - oldGeneratedFile, D:\File\Project\TKHTN2024\CodeSTM\RMS\Core\Inc\FreeRTOSConfig.h_save
2025-01-21 00:41:04,112 [INFO] CodeEngine:279 - Generated code: D:\File\Project\TKHTN2024\CodeSTM\RMS\Core\Inc\FreeRTOSConfig.h
2025-01-21 00:41:04,152 [INFO] CodeEngine:255 - oldGeneratedFile, D:\File\Project\TKHTN2024\CodeSTM\RMS\Core\Src\freertos.c_save
2025-01-21 00:41:04,357 [INFO] CodeEngine:279 - Generated code: D:\File\Project\TKHTN2024\CodeSTM\RMS\Core\Src\freertos.c
2025-01-21 00:41:04,410 [INFO] CodeEngine:255 - oldGeneratedFile, D:\File\Project\TKHTN2024\CodeSTM\RMS\Core\Src\stm32f1xx_it.c_save
2025-01-21 00:41:04,741 [INFO] CodeEngine:279 - Generated code: D:\File\Project\TKHTN2024\CodeSTM\RMS\Core\Src\stm32f1xx_it.c
2025-01-21 00:41:04,752 [INFO] CodeEngine:255 - oldGeneratedFile, D:\File\Project\TKHTN2024\CodeSTM\RMS\Core\Inc\stm32f1xx_it.h_save
2025-01-21 00:41:04,909 [INFO] CodeEngine:279 - Generated code: D:\File\Project\TKHTN2024\CodeSTM\RMS\Core\Inc\stm32f1xx_it.h
2025-01-21 00:41:04,957 [INFO] CodeEngine:255 - oldGeneratedFile, D:\File\Project\TKHTN2024\CodeSTM\RMS\Core\Src\stm32f1xx_hal_msp.c_save
2025-01-21 00:41:05,197 [INFO] CodeEngine:279 - Generated code: D:\File\Project\TKHTN2024\CodeSTM\RMS\Core\Src\stm32f1xx_hal_msp.c
2025-01-21 00:41:05,205 [INFO] CodeEngine:255 - oldGeneratedFile, D:\File\Project\TKHTN2024\CodeSTM\RMS\MXTmpFiles\system.tmp_save
2025-01-21 00:41:05,308 [INFO] CodeEngine:279 - Generated code: D:\File\Project\TKHTN2024\CodeSTM\RMS\MXTmpFiles\system.tmp
2025-01-21 00:41:05,336 [INFO] CodeEngine:255 - oldGeneratedFile, D:\File\Project\TKHTN2024\CodeSTM\RMS\Core\Src\stm32f1xx_hal_timebase_tim.c_save
2025-01-21 00:41:05,475 [INFO] CodeEngine:279 - Generated code: D:\File\Project\TKHTN2024\CodeSTM\RMS\Core\Src\stm32f1xx_hal_timebase_tim.c
2025-01-21 00:41:05,512 [INFO] CodeEngine:311 - oldGeneratedFile, D:\File\Project\TKHTN2024\CodeSTM\RMS\Core\Inc\stm32f1xx_hal_conf.h_save
2025-01-21 00:41:05,679 [INFO] CodeEngine:335 - Generated code: D:\File\Project\TKHTN2024\CodeSTM\RMS\Core\Inc\stm32f1xx_hal_conf.h
2025-01-21 00:41:05,780 [INFO] CodeEngine:255 - oldGeneratedFile, D:\File\Project\TKHTN2024\CodeSTM\RMS\Core\Inc\main.h_save
2025-01-21 00:41:05,931 [INFO] CodeEngine:279 - Generated code: D:\File\Project\TKHTN2024\CodeSTM\RMS\Core\Inc\main.h
2025-01-21 00:41:05,957 [INFO] CodeEngine:255 - oldGeneratedFile, D:\File\Project\TKHTN2024\CodeSTM\RMS\Core\Src\main.c_save
2025-01-21 00:41:06,242 [INFO] CodeEngine:279 - Generated code: D:\File\Project\TKHTN2024\CodeSTM\RMS\Core\Src\main.c
2025-01-21 00:41:07,074 [INFO] ProjectBuilder:3289 - Time for Copy HAL[1] : 422mS.
2025-01-21 00:41:07,080 [INFO] ProjectBuilder:4876 - Project Generator version: 4.5.0-RC5
2025-01-21 00:41:07,265 [INFO] ConfigFileManager:1579 - The Die is : DIE410
2025-01-21 00:41:09,249 [INFO] ProjectBuilder:5154 - Time for Generating toolchain IDE Files: 2169mS.
2025-01-21 00:41:09,250 [INFO] ProjectBuilder:3146 - Time for Copy CMSIS : 0mS.
2025-01-21 00:41:09,261 [INFO] ProjectBuilder:3146 - Time for Copy CMSIS : 0mS.
2025-01-21 00:48:40,119 [INFO] TasksAndQueuesTab:757 - Dynamic
2025-01-21 00:48:40,119 [WARN] TasksAndQueuesTab:763 - 128 128
2025-01-21 00:48:40,119 [WARN] TasksAndQueuesTab:775 - max value is: 4096.0
2025-01-21 00:48:40,119 [INFO] TasksAndQueuesTab:757 - Dynamic
2025-01-21 00:48:40,119 [WARN] TasksAndQueuesTab:763 - 256 128
2025-01-21 00:48:40,119 [WARN] TasksAndQueuesTab:775 - max value is: 4096.0
2025-01-21 00:48:40,119 [INFO] TasksAndQueuesTab:757 - Dynamic
2025-01-21 00:48:40,119 [WARN] TasksAndQueuesTab:763 - 128 128
2025-01-21 00:48:40,119 [WARN] TasksAndQueuesTab:775 - max value is: 4096.0
2025-01-21 00:48:40,120 [INFO] TasksAndQueuesTab:757 - Dynamic
2025-01-21 00:48:40,120 [WARN] TasksAndQueuesTab:763 - 128 128
2025-01-21 00:48:40,120 [WARN] TasksAndQueuesTab:775 - max value is: 4096.0
2025-01-21 00:48:40,120 [INFO] TasksAndQueuesTab:757 - Dynamic
2025-01-21 00:48:40,120 [WARN] TasksAndQueuesTab:763 - 128 128
2025-01-21 00:48:40,120 [WARN] TasksAndQueuesTab:775 - max value is: 4096.0
2025-01-21 00:48:40,120 [INFO] TasksAndQueuesTab:757 - Dynamic
2025-01-21 00:48:40,120 [WARN] TasksAndQueuesTab:763 - 128 128
2025-01-21 00:48:40,120 [WARN] TasksAndQueuesTab:775 - max value is: 4096.0
2025-01-21 00:48:47,425 [INFO] UtilMem:75 - End SaveConfig() Used Memory: 357137472 Bytes (877658112)
2025-01-21 00:48:47,533 [INFO] UtilMem:75 - End SaveConfig() Used Memory: 371650048 Bytes (877658112)
2025-01-21 00:48:48,231 [INFO] UtilMem:75 - End SaveConfig() Used Memory: 404155904 Bytes (877658112)
2025-01-21 00:48:48,470 [INFO] BlockDiagram:2766 - set Specific Code input for plugin: NVIC
2025-01-21 00:48:48,470 [INFO] BlockDiagram:2766 - set Specific Code input for plugin: FREERTOS
2025-01-21 00:48:48,470 [INFO] BlockDiagram:2766 - set Specific Code input for plugin: USART
2025-01-21 00:48:48,471 [INFO] BlockDiagram:2766 - set Specific Code input for plugin: SYS
2025-01-21 00:48:48,474 [INFO] BlockDiagram:2766 - set Specific Code input for plugin: GPIO
2025-01-21 00:48:48,475 [INFO] BlockDiagram:2766 - set Specific Code input for plugin: RCC
2025-01-21 00:48:48,475 [INFO] BlockDiagram:2766 - set Specific Code input for plugin: I2C
2025-01-21 00:48:48,477 [INFO] CodeGenerator:896 - code generatio: config db path: C:\ST\STM32CubeIDE_1.15.1\STM32CubeIDE\plugins\com.st.stm32cube.common.mx_6.13.0.202411220809\\db\
2025-01-21 00:48:48,486 [WARN] IP:2251 - I2C_Coeff_DF not found: check if there is a RefParameter without a condition.
2025-01-21 00:48:48,487 [WARN] IP:2251 - Analog_Filter not found: check if there is a RefParameter without a condition.
2025-01-21 00:48:48,663 [INFO] CodeEngine:255 - oldGeneratedFile, D:\File\Project\TKHTN2024\CodeSTM\RMS\MXTmpFiles\license.tmp_save
2025-01-21 00:48:48,849 [INFO] CodeEngine:279 - Generated code: D:\File\Project\TKHTN2024\CodeSTM\RMS\MXTmpFiles\license.tmp
2025-01-21 00:48:48,891 [INFO] CodeEngine:255 - oldGeneratedFile, D:\File\Project\TKHTN2024\CodeSTM\RMS\MXTmpFiles\gpio.tmp_save
2025-01-21 00:48:49,084 [INFO] CodeEngine:279 - Generated code: D:\File\Project\TKHTN2024\CodeSTM\RMS\MXTmpFiles\gpio.tmp
2025-01-21 00:48:49,228 [INFO] Middleware:1450 - No code input for Bsp Dependency
2025-01-21 00:48:49,239 [INFO] CodeEngine:255 - oldGeneratedFile, D:\File\Project\TKHTN2024\CodeSTM\RMS\MXTmpFiles\rtos_inc.tmp_save
2025-01-21 00:48:49,471 [INFO] CodeEngine:279 - Generated code: D:\File\Project\TKHTN2024\CodeSTM\RMS\MXTmpFiles\rtos_inc.tmp
2025-01-21 00:48:49,479 [INFO] CodeEngine:255 - oldGeneratedFile, D:\File\Project\TKHTN2024\CodeSTM\RMS\MXTmpFiles\rtos_vars.tmp_save
2025-01-21 00:48:49,628 [INFO] CodeEngine:279 - Generated code: D:\File\Project\TKHTN2024\CodeSTM\RMS\MXTmpFiles\rtos_vars.tmp
2025-01-21 00:48:49,635 [INFO] CodeEngine:255 - oldGeneratedFile, D:\File\Project\TKHTN2024\CodeSTM\RMS\MXTmpFiles\rtos_pfp.tmp_save
2025-01-21 00:48:49,752 [INFO] CodeEngine:279 - Generated code: D:\File\Project\TKHTN2024\CodeSTM\RMS\MXTmpFiles\rtos_pfp.tmp
2025-01-21 00:48:49,759 [INFO] CodeEngine:255 - oldGeneratedFile, D:\File\Project\TKHTN2024\CodeSTM\RMS\MXTmpFiles\rtos_obj_creat.tmp_save
2025-01-21 00:48:49,952 [INFO] CodeEngine:279 - Generated code: D:\File\Project\TKHTN2024\CodeSTM\RMS\MXTmpFiles\rtos_obj_creat.tmp
2025-01-21 00:48:49,958 [INFO] CodeEngine:255 - oldGeneratedFile, D:\File\Project\TKHTN2024\CodeSTM\RMS\MXTmpFiles\rtos_kernelStart.tmp_save
2025-01-21 00:48:50,078 [INFO] CodeEngine:279 - Generated code: D:\File\Project\TKHTN2024\CodeSTM\RMS\MXTmpFiles\rtos_kernelStart.tmp
2025-01-21 00:48:50,083 [INFO] CodeEngine:255 - oldGeneratedFile, D:\File\Project\TKHTN2024\CodeSTM\RMS\MXTmpFiles\rtos_default_thread.tmp_save
2025-01-21 00:48:50,192 [INFO] CodeEngine:279 - Generated code: D:\File\Project\TKHTN2024\CodeSTM\RMS\MXTmpFiles\rtos_default_thread.tmp
2025-01-21 00:48:50,198 [INFO] CodeEngine:255 - oldGeneratedFile, D:\File\Project\TKHTN2024\CodeSTM\RMS\MXTmpFiles\rtos_threads.tmp_save
2025-01-21 00:48:50,327 [INFO] CodeEngine:279 - Generated code: D:\File\Project\TKHTN2024\CodeSTM\RMS\MXTmpFiles\rtos_threads.tmp
2025-01-21 00:48:50,352 [INFO] Middleware:1450 - No code input for Bsp Dependency
2025-01-21 00:48:50,367 [INFO] CodeEngine:255 - oldGeneratedFile, D:\File\Project\TKHTN2024\CodeSTM\RMS\MXTmpFiles\rtos_inc.tmp_save
2025-01-21 00:48:50,532 [INFO] CodeEngine:279 - Generated code: D:\File\Project\TKHTN2024\CodeSTM\RMS\MXTmpFiles\rtos_inc.tmp
2025-01-21 00:48:50,540 [INFO] CodeEngine:255 - oldGeneratedFile, D:\File\Project\TKHTN2024\CodeSTM\RMS\MXTmpFiles\rtos_vars.tmp_save
2025-01-21 00:48:50,643 [INFO] CodeEngine:279 - Generated code: D:\File\Project\TKHTN2024\CodeSTM\RMS\MXTmpFiles\rtos_vars.tmp
2025-01-21 00:48:50,649 [INFO] CodeEngine:255 - oldGeneratedFile, D:\File\Project\TKHTN2024\CodeSTM\RMS\MXTmpFiles\rtos_pfp.tmp_save
2025-01-21 00:48:50,761 [INFO] CodeEngine:279 - Generated code: D:\File\Project\TKHTN2024\CodeSTM\RMS\MXTmpFiles\rtos_pfp.tmp
2025-01-21 00:48:50,782 [INFO] CodeEngine:255 - oldGeneratedFile, D:\File\Project\TKHTN2024\CodeSTM\RMS\MXTmpFiles\rtos_obj_creat.tmp_save
2025-01-21 00:48:50,890 [INFO] CodeEngine:279 - Generated code: D:\File\Project\TKHTN2024\CodeSTM\RMS\MXTmpFiles\rtos_obj_creat.tmp
2025-01-21 00:48:50,909 [INFO] CodeEngine:255 - oldGeneratedFile, D:\File\Project\TKHTN2024\CodeSTM\RMS\MXTmpFiles\rtos_kernelStart.tmp_save
2025-01-21 00:48:51,015 [INFO] CodeEngine:279 - Generated code: D:\File\Project\TKHTN2024\CodeSTM\RMS\MXTmpFiles\rtos_kernelStart.tmp
2025-01-21 00:48:51,024 [INFO] CodeEngine:255 - oldGeneratedFile, D:\File\Project\TKHTN2024\CodeSTM\RMS\MXTmpFiles\rtos_default_thread.tmp_save
2025-01-21 00:48:51,137 [INFO] CodeEngine:279 - Generated code: D:\File\Project\TKHTN2024\CodeSTM\RMS\MXTmpFiles\rtos_default_thread.tmp
2025-01-21 00:48:51,145 [INFO] CodeEngine:255 - oldGeneratedFile, D:\File\Project\TKHTN2024\CodeSTM\RMS\MXTmpFiles\rtos_threads.tmp_save
2025-01-21 00:48:51,267 [INFO] CodeEngine:279 - Generated code: D:\File\Project\TKHTN2024\CodeSTM\RMS\MXTmpFiles\rtos_threads.tmp
2025-01-21 00:48:51,291 [INFO] CodeEngine:255 - oldGeneratedFile, D:\File\Project\TKHTN2024\CodeSTM\RMS\Core\Inc\FreeRTOSConfig.h_save
2025-01-21 00:48:51,423 [INFO] CodeEngine:279 - Generated code: D:\File\Project\TKHTN2024\CodeSTM\RMS\Core\Inc\FreeRTOSConfig.h
2025-01-21 00:48:51,450 [INFO] CodeEngine:255 - oldGeneratedFile, D:\File\Project\TKHTN2024\CodeSTM\RMS\Core\Src\freertos.c_save
2025-01-21 00:48:51,586 [INFO] CodeEngine:279 - Generated code: D:\File\Project\TKHTN2024\CodeSTM\RMS\Core\Src\freertos.c
2025-01-21 00:48:51,627 [INFO] CodeEngine:255 - oldGeneratedFile, D:\File\Project\TKHTN2024\CodeSTM\RMS\Core\Src\stm32f1xx_it.c_save
2025-01-21 00:48:51,760 [INFO] CodeEngine:279 - Generated code: D:\File\Project\TKHTN2024\CodeSTM\RMS\Core\Src\stm32f1xx_it.c
2025-01-21 00:48:51,813 [INFO] CodeEngine:255 - oldGeneratedFile, D:\File\Project\TKHTN2024\CodeSTM\RMS\Core\Inc\stm32f1xx_it.h_save
2025-01-21 00:48:51,917 [INFO] CodeEngine:279 - Generated code: D:\File\Project\TKHTN2024\CodeSTM\RMS\Core\Inc\stm32f1xx_it.h
2025-01-21 00:48:51,951 [INFO] CodeEngine:255 - oldGeneratedFile, D:\File\Project\TKHTN2024\CodeSTM\RMS\Core\Src\stm32f1xx_hal_msp.c_save
2025-01-21 00:48:52,127 [INFO] CodeEngine:279 - Generated code: D:\File\Project\TKHTN2024\CodeSTM\RMS\Core\Src\stm32f1xx_hal_msp.c
2025-01-21 00:48:52,133 [INFO] CodeEngine:255 - oldGeneratedFile, D:\File\Project\TKHTN2024\CodeSTM\RMS\MXTmpFiles\system.tmp_save
2025-01-21 00:48:52,227 [INFO] CodeEngine:279 - Generated code: D:\File\Project\TKHTN2024\CodeSTM\RMS\MXTmpFiles\system.tmp
2025-01-21 00:48:52,251 [INFO] CodeEngine:255 - oldGeneratedFile, D:\File\Project\TKHTN2024\CodeSTM\RMS\Core\Src\stm32f1xx_hal_timebase_tim.c_save
2025-01-21 00:48:52,352 [INFO] CodeEngine:279 - Generated code: D:\File\Project\TKHTN2024\CodeSTM\RMS\Core\Src\stm32f1xx_hal_timebase_tim.c
2025-01-21 00:48:52,381 [INFO] CodeEngine:311 - oldGeneratedFile, D:\File\Project\TKHTN2024\CodeSTM\RMS\Core\Inc\stm32f1xx_hal_conf.h_save
2025-01-21 00:48:52,563 [INFO] CodeEngine:335 - Generated code: D:\File\Project\TKHTN2024\CodeSTM\RMS\Core\Inc\stm32f1xx_hal_conf.h
2025-01-21 00:48:52,633 [INFO] CodeEngine:255 - oldGeneratedFile, D:\File\Project\TKHTN2024\CodeSTM\RMS\Core\Inc\main.h_save
2025-01-21 00:48:52,768 [INFO] CodeEngine:279 - Generated code: D:\File\Project\TKHTN2024\CodeSTM\RMS\Core\Inc\main.h
2025-01-21 00:48:52,793 [INFO] CodeEngine:255 - oldGeneratedFile, D:\File\Project\TKHTN2024\CodeSTM\RMS\Core\Src\main.c_save
2025-01-21 00:48:53,126 [INFO] CodeEngine:279 - Generated code: D:\File\Project\TKHTN2024\CodeSTM\RMS\Core\Src\main.c
2025-01-21 00:48:53,990 [INFO] ProjectBuilder:3289 - Time for Copy HAL[1] : 312mS.
2025-01-21 00:48:53,997 [INFO] ProjectBuilder:4876 - Project Generator version: 4.5.0-RC5
2025-01-21 00:48:54,201 [INFO] ConfigFileManager:1579 - The Die is : DIE410
2025-01-21 00:48:55,968 [INFO] ProjectBuilder:5154 - Time for Generating toolchain IDE Files: 1970mS.
2025-01-21 00:48:55,969 [INFO] ProjectBuilder:3146 - Time for Copy CMSIS : 1mS.
2025-01-21 00:48:55,978 [INFO] ProjectBuilder:3146 - Time for Copy CMSIS : 0mS.
2025-01-21 00:57:47,261 [INFO] EditThreadDialog:704 - RAM SIZE (in KB): 20
2025-01-21 00:57:47,262 [INFO] EditThreadDialog:706 - RAM SIZE (in words): 5120
2025-01-21 00:57:51,319 [INFO] TasksAndQueuesTab:757 - Dynamic
2025-01-21 00:57:51,319 [WARN] TasksAndQueuesTab:763 - 512 128
2025-01-21 00:57:51,319 [WARN] TasksAndQueuesTab:775 - max value is: 4096.0
2025-01-21 00:57:51,319 [INFO] TasksAndQueuesTab:757 - Dynamic
2025-01-21 00:57:51,319 [WARN] TasksAndQueuesTab:763 - 256 128
2025-01-21 00:57:51,319 [WARN] TasksAndQueuesTab:775 - max value is: 4096.0
2025-01-21 00:57:51,321 [INFO] TasksAndQueuesTab:757 - Dynamic
2025-01-21 00:57:51,321 [WARN] TasksAndQueuesTab:763 - 128 128
2025-01-21 00:57:51,321 [WARN] TasksAndQueuesTab:775 - max value is: 4096.0
2025-01-21 00:57:51,321 [INFO] TasksAndQueuesTab:757 - Dynamic
2025-01-21 00:57:51,321 [WARN] TasksAndQueuesTab:763 - 128 128
2025-01-21 00:57:51,321 [WARN] TasksAndQueuesTab:775 - max value is: 4096.0
2025-01-21 00:57:51,321 [INFO] TasksAndQueuesTab:757 - Dynamic
2025-01-21 00:57:51,321 [WARN] TasksAndQueuesTab:763 - 128 128
2025-01-21 00:57:51,321 [WARN] TasksAndQueuesTab:775 - max value is: 4096.0
2025-01-21 00:57:51,321 [INFO] TasksAndQueuesTab:757 - Dynamic
2025-01-21 00:57:51,321 [WARN] TasksAndQueuesTab:763 - 128 128
2025-01-21 00:57:51,321 [WARN] TasksAndQueuesTab:775 - max value is: 4096.0
2025-01-21 00:57:52,675 [INFO] EditThreadDialog:704 - RAM SIZE (in KB): 20
2025-01-21 00:57:52,675 [INFO] EditThreadDialog:706 - RAM SIZE (in words): 5120
2025-01-21 00:57:56,468 [INFO] TasksAndQueuesTab:757 - Dynamic
2025-01-21 00:57:56,468 [WARN] TasksAndQueuesTab:763 - 512 128
2025-01-21 00:57:56,468 [WARN] TasksAndQueuesTab:775 - max value is: 4096.0
2025-01-21 00:57:56,468 [INFO] TasksAndQueuesTab:757 - Dynamic
2025-01-21 00:57:56,469 [WARN] TasksAndQueuesTab:763 - 512 128
2025-01-21 00:57:56,469 [WARN] TasksAndQueuesTab:775 - max value is: 4096.0
2025-01-21 00:57:56,469 [INFO] TasksAndQueuesTab:757 - Dynamic
2025-01-21 00:57:56,469 [WARN] TasksAndQueuesTab:763 - 128 128
2025-01-21 00:57:56,469 [WARN] TasksAndQueuesTab:775 - max value is: 4096.0
2025-01-21 00:57:56,469 [INFO] TasksAndQueuesTab:757 - Dynamic
2025-01-21 00:57:56,469 [WARN] TasksAndQueuesTab:763 - 128 128
2025-01-21 00:57:56,469 [WARN] TasksAndQueuesTab:775 - max value is: 4096.0
2025-01-21 00:57:56,469 [INFO] TasksAndQueuesTab:757 - Dynamic
2025-01-21 00:57:56,469 [WARN] TasksAndQueuesTab:763 - 128 128
2025-01-21 00:57:56,469 [WARN] TasksAndQueuesTab:775 - max value is: 4096.0
2025-01-21 00:57:56,469 [INFO] TasksAndQueuesTab:757 - Dynamic
2025-01-21 00:57:56,469 [WARN] TasksAndQueuesTab:763 - 128 128
2025-01-21 00:57:56,469 [WARN] TasksAndQueuesTab:775 - max value is: 4096.0
2025-01-21 00:57:57,446 [INFO] EditThreadDialog:704 - RAM SIZE (in KB): 20
2025-01-21 00:57:57,446 [INFO] EditThreadDialog:706 - RAM SIZE (in words): 5120
2025-01-21 00:58:01,541 [INFO] TasksAndQueuesTab:757 - Dynamic
2025-01-21 00:58:01,541 [WARN] TasksAndQueuesTab:763 - 512 128
2025-01-21 00:58:01,541 [WARN] TasksAndQueuesTab:775 - max value is: 4096.0
2025-01-21 00:58:01,541 [INFO] TasksAndQueuesTab:757 - Dynamic
2025-01-21 00:58:01,541 [WARN] TasksAndQueuesTab:763 - 512 128
2025-01-21 00:58:01,541 [WARN] TasksAndQueuesTab:775 - max value is: 4096.0
2025-01-21 00:58:01,541 [INFO] TasksAndQueuesTab:757 - Dynamic
2025-01-21 00:58:01,541 [WARN] TasksAndQueuesTab:763 - 512 128
2025-01-21 00:58:01,541 [WARN] TasksAndQueuesTab:775 - max value is: 4096.0
2025-01-21 00:58:01,541 [INFO] TasksAndQueuesTab:757 - Dynamic
2025-01-21 00:58:01,541 [WARN] TasksAndQueuesTab:763 - 128 128
2025-01-21 00:58:01,541 [WARN] TasksAndQueuesTab:775 - max value is: 4096.0
2025-01-21 00:58:01,541 [INFO] TasksAndQueuesTab:757 - Dynamic
2025-01-21 00:58:01,541 [WARN] TasksAndQueuesTab:763 - 128 128
2025-01-21 00:58:01,542 [WARN] TasksAndQueuesTab:775 - max value is: 4096.0
2025-01-21 00:58:01,542 [INFO] TasksAndQueuesTab:757 - Dynamic
2025-01-21 00:58:01,542 [WARN] TasksAndQueuesTab:763 - 128 128
2025-01-21 00:58:01,542 [WARN] TasksAndQueuesTab:775 - max value is: 4096.0
2025-01-21 00:58:02,846 [INFO] EditThreadDialog:704 - RAM SIZE (in KB): 20
2025-01-21 00:58:02,846 [INFO] EditThreadDialog:706 - RAM SIZE (in words): 5120
2025-01-21 00:58:10,188 [INFO] TasksAndQueuesTab:757 - Dynamic
2025-01-21 00:58:10,189 [WARN] TasksAndQueuesTab:763 - 512 128
2025-01-21 00:58:10,189 [WARN] TasksAndQueuesTab:775 - max value is: 4096.0
2025-01-21 00:58:10,189 [INFO] TasksAndQueuesTab:757 - Dynamic
2025-01-21 00:58:10,189 [WARN] TasksAndQueuesTab:763 - 512 128
2025-01-21 00:58:10,189 [WARN] TasksAndQueuesTab:775 - max value is: 4096.0
2025-01-21 00:58:10,189 [INFO] TasksAndQueuesTab:757 - Dynamic
2025-01-21 00:58:10,189 [WARN] TasksAndQueuesTab:763 - 512 128
2025-01-21 00:58:10,189 [WARN] TasksAndQueuesTab:775 - max value is: 4096.0
2025-01-21 00:58:10,189 [INFO] TasksAndQueuesTab:757 - Dynamic
2025-01-21 00:58:10,189 [WARN] TasksAndQueuesTab:763 - 512 128
2025-01-21 00:58:10,189 [WARN] TasksAndQueuesTab:775 - max value is: 4096.0
2025-01-21 00:58:10,189 [INFO] TasksAndQueuesTab:757 - Dynamic
2025-01-21 00:58:10,189 [WARN] TasksAndQueuesTab:763 - 128 128
2025-01-21 00:58:10,189 [WARN] TasksAndQueuesTab:775 - max value is: 4096.0
2025-01-21 00:58:10,189 [INFO] TasksAndQueuesTab:757 - Dynamic
2025-01-21 00:58:10,189 [WARN] TasksAndQueuesTab:763 - 128 128
2025-01-21 00:58:10,189 [WARN] TasksAndQueuesTab:775 - max value is: 4096.0
2025-01-21 00:58:11,216 [INFO] EditThreadDialog:704 - RAM SIZE (in KB): 20
2025-01-21 00:58:11,217 [INFO] EditThreadDialog:706 - RAM SIZE (in words): 5120
2025-01-21 00:58:16,791 [INFO] TasksAndQueuesTab:757 - Dynamic
2025-01-21 00:58:16,791 [WARN] TasksAndQueuesTab:763 - 512 128
2025-01-21 00:58:16,791 [WARN] TasksAndQueuesTab:775 - max value is: 4096.0
2025-01-21 00:58:16,791 [INFO] TasksAndQueuesTab:757 - Dynamic
2025-01-21 00:58:16,791 [WARN] TasksAndQueuesTab:763 - 512 128
2025-01-21 00:58:16,791 [WARN] TasksAndQueuesTab:775 - max value is: 4096.0
2025-01-21 00:58:16,791 [INFO] TasksAndQueuesTab:757 - Dynamic
2025-01-21 00:58:16,791 [WARN] TasksAndQueuesTab:763 - 512 128
2025-01-21 00:58:16,791 [WARN] TasksAndQueuesTab:775 - max value is: 4096.0
2025-01-21 00:58:16,791 [INFO] TasksAndQueuesTab:757 - Dynamic
2025-01-21 00:58:16,791 [WARN] TasksAndQueuesTab:763 - 512 128
2025-01-21 00:58:16,791 [WARN] TasksAndQueuesTab:775 - max value is: 4096.0
2025-01-21 00:58:16,791 [INFO] TasksAndQueuesTab:757 - Dynamic
2025-01-21 00:58:16,791 [WARN] TasksAndQueuesTab:763 - 512 128
2025-01-21 00:58:16,791 [WARN] TasksAndQueuesTab:775 - max value is: 4096.0
2025-01-21 00:58:16,791 [INFO] TasksAndQueuesTab:757 - Dynamic
2025-01-21 00:58:16,791 [WARN] TasksAndQueuesTab:763 - 128 128
2025-01-21 00:58:16,791 [WARN] TasksAndQueuesTab:775 - max value is: 4096.0
2025-01-21 00:58:17,636 [INFO] EditThreadDialog:704 - RAM SIZE (in KB): 20
2025-01-21 00:58:17,636 [INFO] EditThreadDialog:706 - RAM SIZE (in words): 5120
2025-01-21 00:58:21,144 [INFO] TasksAndQueuesTab:757 - Dynamic
2025-01-21 00:58:21,144 [WARN] TasksAndQueuesTab:763 - 512 128
2025-01-21 00:58:21,144 [WARN] TasksAndQueuesTab:775 - max value is: 4096.0
2025-01-21 00:58:21,144 [INFO] TasksAndQueuesTab:757 - Dynamic
2025-01-21 00:58:21,144 [WARN] TasksAndQueuesTab:763 - 512 128
2025-01-21 00:58:21,144 [WARN] TasksAndQueuesTab:775 - max value is: 4096.0
2025-01-21 00:58:21,144 [INFO] TasksAndQueuesTab:757 - Dynamic
2025-01-21 00:58:21,144 [WARN] TasksAndQueuesTab:763 - 512 128
2025-01-21 00:58:21,144 [WARN] TasksAndQueuesTab:775 - max value is: 4096.0
2025-01-21 00:58:21,144 [INFO] TasksAndQueuesTab:757 - Dynamic
2025-01-21 00:58:21,144 [WARN] TasksAndQueuesTab:763 - 512 128
2025-01-21 00:58:21,144 [WARN] TasksAndQueuesTab:775 - max value is: 4096.0
2025-01-21 00:58:21,144 [INFO] TasksAndQueuesTab:757 - Dynamic
2025-01-21 00:58:21,144 [WARN] TasksAndQueuesTab:763 - 512 128
2025-01-21 00:58:21,144 [WARN] TasksAndQueuesTab:775 - max value is: 4096.0
2025-01-21 00:58:21,144 [INFO] TasksAndQueuesTab:757 - Dynamic
2025-01-21 00:58:21,144 [WARN] TasksAndQueuesTab:763 - 512 128
2025-01-21 00:58:21,144 [WARN] TasksAndQueuesTab:775 - max value is: 4096.0
2025-01-21 00:58:22,973 [INFO] UtilMem:75 - End SaveConfig() Used Memory: 293911288 Bytes (877658112)
2025-01-21 00:58:23,048 [INFO] UtilMem:75 - End SaveConfig() Used Memory: 306494200 Bytes (877658112)
2025-01-21 00:58:23,529 [INFO] UtilMem:75 - End SaveConfig() Used Memory: 341314696 Bytes (877658112)
2025-01-21 00:58:23,688 [INFO] BlockDiagram:2766 - set Specific Code input for plugin: NVIC
2025-01-21 00:58:23,688 [INFO] BlockDiagram:2766 - set Specific Code input for plugin: FREERTOS
2025-01-21 00:58:23,688 [INFO] BlockDiagram:2766 - set Specific Code input for plugin: USART
2025-01-21 00:58:23,688 [INFO] BlockDiagram:2766 - set Specific Code input for plugin: SYS
2025-01-21 00:58:23,688 [INFO] BlockDiagram:2766 - set Specific Code input for plugin: GPIO
2025-01-21 00:58:23,688 [INFO] BlockDiagram:2766 - set Specific Code input for plugin: RCC
2025-01-21 00:58:23,688 [INFO] BlockDiagram:2766 - set Specific Code input for plugin: I2C
2025-01-21 00:58:23,689 [INFO] CodeGenerator:896 - code generatio: config db path: C:\ST\STM32CubeIDE_1.15.1\STM32CubeIDE\plugins\com.st.stm32cube.common.mx_6.13.0.202411220809\\db\
2025-01-21 00:58:23,694 [WARN] IP:2251 - I2C_Coeff_DF not found: check if there is a RefParameter without a condition.
2025-01-21 00:58:23,694 [WARN] IP:2251 - Analog_Filter not found: check if there is a RefParameter without a condition.
2025-01-21 00:58:23,781 [INFO] CodeEngine:255 - oldGeneratedFile, D:\File\Project\TKHTN2024\CodeSTM\RMS\MXTmpFiles\license.tmp_save
2025-01-21 00:58:23,886 [INFO] CodeEngine:279 - Generated code: D:\File\Project\TKHTN2024\CodeSTM\RMS\MXTmpFiles\license.tmp
2025-01-21 00:58:23,906 [INFO] CodeEngine:255 - oldGeneratedFile, D:\File\Project\TKHTN2024\CodeSTM\RMS\MXTmpFiles\gpio.tmp_save
2025-01-21 00:58:24,074 [INFO] CodeEngine:279 - Generated code: D:\File\Project\TKHTN2024\CodeSTM\RMS\MXTmpFiles\gpio.tmp
2025-01-21 00:58:24,146 [INFO] Middleware:1450 - No code input for Bsp Dependency
2025-01-21 00:58:24,155 [INFO] CodeEngine:255 - oldGeneratedFile, D:\File\Project\TKHTN2024\CodeSTM\RMS\MXTmpFiles\rtos_inc.tmp_save
2025-01-21 00:58:24,273 [INFO] CodeEngine:279 - Generated code: D:\File\Project\TKHTN2024\CodeSTM\RMS\MXTmpFiles\rtos_inc.tmp
2025-01-21 00:58:24,276 [INFO] CodeEngine:255 - oldGeneratedFile, D:\File\Project\TKHTN2024\CodeSTM\RMS\MXTmpFiles\rtos_vars.tmp_save
2025-01-21 00:58:24,378 [INFO] CodeEngine:279 - Generated code: D:\File\Project\TKHTN2024\CodeSTM\RMS\MXTmpFiles\rtos_vars.tmp
2025-01-21 00:58:24,382 [INFO] CodeEngine:255 - oldGeneratedFile, D:\File\Project\TKHTN2024\CodeSTM\RMS\MXTmpFiles\rtos_pfp.tmp_save
2025-01-21 00:58:24,454 [INFO] CodeEngine:279 - Generated code: D:\File\Project\TKHTN2024\CodeSTM\RMS\MXTmpFiles\rtos_pfp.tmp
2025-01-21 00:58:24,458 [INFO] CodeEngine:255 - oldGeneratedFile, D:\File\Project\TKHTN2024\CodeSTM\RMS\MXTmpFiles\rtos_obj_creat.tmp_save
2025-01-21 00:58:24,545 [INFO] CodeEngine:279 - Generated code: D:\File\Project\TKHTN2024\CodeSTM\RMS\MXTmpFiles\rtos_obj_creat.tmp
2025-01-21 00:58:24,551 [INFO] CodeEngine:255 - oldGeneratedFile, D:\File\Project\TKHTN2024\CodeSTM\RMS\MXTmpFiles\rtos_kernelStart.tmp_save
2025-01-21 00:58:24,617 [INFO] CodeEngine:279 - Generated code: D:\File\Project\TKHTN2024\CodeSTM\RMS\MXTmpFiles\rtos_kernelStart.tmp
2025-01-21 00:58:24,621 [INFO] CodeEngine:255 - oldGeneratedFile, D:\File\Project\TKHTN2024\CodeSTM\RMS\MXTmpFiles\rtos_default_thread.tmp_save
2025-01-21 00:58:24,682 [INFO] CodeEngine:279 - Generated code: D:\File\Project\TKHTN2024\CodeSTM\RMS\MXTmpFiles\rtos_default_thread.tmp
2025-01-21 00:58:24,686 [INFO] CodeEngine:255 - oldGeneratedFile, D:\File\Project\TKHTN2024\CodeSTM\RMS\MXTmpFiles\rtos_threads.tmp_save
2025-01-21 00:58:24,758 [INFO] CodeEngine:279 - Generated code: D:\File\Project\TKHTN2024\CodeSTM\RMS\MXTmpFiles\rtos_threads.tmp
2025-01-21 00:58:24,770 [INFO] Middleware:1450 - No code input for Bsp Dependency
2025-01-21 00:58:24,778 [INFO] CodeEngine:255 - oldGeneratedFile, D:\File\Project\TKHTN2024\CodeSTM\RMS\MXTmpFiles\rtos_inc.tmp_save
2025-01-21 00:58:24,889 [INFO] CodeEngine:279 - Generated code: D:\File\Project\TKHTN2024\CodeSTM\RMS\MXTmpFiles\rtos_inc.tmp
2025-01-21 00:58:24,894 [INFO] CodeEngine:255 - oldGeneratedFile, D:\File\Project\TKHTN2024\CodeSTM\RMS\MXTmpFiles\rtos_vars.tmp_save
2025-01-21 00:58:24,956 [INFO] CodeEngine:279 - Generated code: D:\File\Project\TKHTN2024\CodeSTM\RMS\MXTmpFiles\rtos_vars.tmp
2025-01-21 00:58:24,960 [INFO] CodeEngine:255 - oldGeneratedFile, D:\File\Project\TKHTN2024\CodeSTM\RMS\MXTmpFiles\rtos_pfp.tmp_save
2025-01-21 00:58:25,032 [INFO] CodeEngine:279 - Generated code: D:\File\Project\TKHTN2024\CodeSTM\RMS\MXTmpFiles\rtos_pfp.tmp
2025-01-21 00:58:25,047 [INFO] CodeEngine:255 - oldGeneratedFile, D:\File\Project\TKHTN2024\CodeSTM\RMS\MXTmpFiles\rtos_obj_creat.tmp_save
2025-01-21 00:58:25,115 [INFO] CodeEngine:279 - Generated code: D:\File\Project\TKHTN2024\CodeSTM\RMS\MXTmpFiles\rtos_obj_creat.tmp
2025-01-21 00:58:25,126 [INFO] CodeEngine:255 - oldGeneratedFile, D:\File\Project\TKHTN2024\CodeSTM\RMS\MXTmpFiles\rtos_kernelStart.tmp_save
2025-01-21 00:58:25,177 [INFO] CodeEngine:279 - Generated code: D:\File\Project\TKHTN2024\CodeSTM\RMS\MXTmpFiles\rtos_kernelStart.tmp
2025-01-21 00:58:25,186 [INFO] CodeEngine:255 - oldGeneratedFile, D:\File\Project\TKHTN2024\CodeSTM\RMS\MXTmpFiles\rtos_default_thread.tmp_save
2025-01-21 00:58:25,254 [INFO] CodeEngine:279 - Generated code: D:\File\Project\TKHTN2024\CodeSTM\RMS\MXTmpFiles\rtos_default_thread.tmp
2025-01-21 00:58:25,260 [INFO] CodeEngine:255 - oldGeneratedFile, D:\File\Project\TKHTN2024\CodeSTM\RMS\MXTmpFiles\rtos_threads.tmp_save
2025-01-21 00:58:25,368 [INFO] CodeEngine:279 - Generated code: D:\File\Project\TKHTN2024\CodeSTM\RMS\MXTmpFiles\rtos_threads.tmp
2025-01-21 00:58:25,388 [INFO] CodeEngine:255 - oldGeneratedFile, D:\File\Project\TKHTN2024\CodeSTM\RMS\Core\Inc\FreeRTOSConfig.h_save
2025-01-21 00:58:25,467 [INFO] CodeEngine:279 - Generated code: D:\File\Project\TKHTN2024\CodeSTM\RMS\Core\Inc\FreeRTOSConfig.h
2025-01-21 00:58:25,485 [INFO] CodeEngine:255 - oldGeneratedFile, D:\File\Project\TKHTN2024\CodeSTM\RMS\Core\Src\freertos.c_save
2025-01-21 00:58:25,558 [INFO] CodeEngine:279 - Generated code: D:\File\Project\TKHTN2024\CodeSTM\RMS\Core\Src\freertos.c
2025-01-21 00:58:25,585 [INFO] CodeEngine:255 - oldGeneratedFile, D:\File\Project\TKHTN2024\CodeSTM\RMS\Core\Src\stm32f1xx_it.c_save
2025-01-21 00:58:25,680 [INFO] CodeEngine:279 - Generated code: D:\File\Project\TKHTN2024\CodeSTM\RMS\Core\Src\stm32f1xx_it.c
2025-01-21 00:58:25,686 [INFO] CodeEngine:255 - oldGeneratedFile, D:\File\Project\TKHTN2024\CodeSTM\RMS\Core\Inc\stm32f1xx_it.h_save
2025-01-21 00:58:25,750 [INFO] CodeEngine:279 - Generated code: D:\File\Project\TKHTN2024\CodeSTM\RMS\Core\Inc\stm32f1xx_it.h
2025-01-21 00:58:25,773 [INFO] CodeEngine:255 - oldGeneratedFile, D:\File\Project\TKHTN2024\CodeSTM\RMS\Core\Src\stm32f1xx_hal_msp.c_save
2025-01-21 00:58:25,877 [INFO] CodeEngine:279 - Generated code: D:\File\Project\TKHTN2024\CodeSTM\RMS\Core\Src\stm32f1xx_hal_msp.c
2025-01-21 00:58:25,881 [INFO] CodeEngine:255 - oldGeneratedFile, D:\File\Project\TKHTN2024\CodeSTM\RMS\MXTmpFiles\system.tmp_save
2025-01-21 00:58:25,946 [INFO] CodeEngine:279 - Generated code: D:\File\Project\TKHTN2024\CodeSTM\RMS\MXTmpFiles\system.tmp
2025-01-21 00:58:25,969 [INFO] CodeEngine:255 - oldGeneratedFile, D:\File\Project\TKHTN2024\CodeSTM\RMS\Core\Src\stm32f1xx_hal_timebase_tim.c_save
2025-01-21 00:58:26,051 [INFO] CodeEngine:279 - Generated code: D:\File\Project\TKHTN2024\CodeSTM\RMS\Core\Src\stm32f1xx_hal_timebase_tim.c
2025-01-21 00:58:26,076 [INFO] CodeEngine:311 - oldGeneratedFile, D:\File\Project\TKHTN2024\CodeSTM\RMS\Core\Inc\stm32f1xx_hal_conf.h_save
2025-01-21 00:58:26,187 [INFO] CodeEngine:335 - Generated code: D:\File\Project\TKHTN2024\CodeSTM\RMS\Core\Inc\stm32f1xx_hal_conf.h
2025-01-21 00:58:26,240 [INFO] CodeEngine:255 - oldGeneratedFile, D:\File\Project\TKHTN2024\CodeSTM\RMS\Core\Inc\main.h_save
2025-01-21 00:58:26,331 [INFO] CodeEngine:279 - Generated code: D:\File\Project\TKHTN2024\CodeSTM\RMS\Core\Inc\main.h
2025-01-21 00:58:26,351 [INFO] CodeEngine:255 - oldGeneratedFile, D:\File\Project\TKHTN2024\CodeSTM\RMS\Core\Src\main.c_save
2025-01-21 00:58:26,516 [INFO] CodeEngine:279 - Generated code: D:\File\Project\TKHTN2024\CodeSTM\RMS\Core\Src\main.c
2025-01-21 00:58:27,026 [INFO] ProjectBuilder:3289 - Time for Copy HAL[1] : 259mS.
2025-01-21 00:58:27,032 [INFO] ProjectBuilder:4876 - Project Generator version: 4.5.0-RC5
2025-01-21 00:58:27,158 [INFO] ConfigFileManager:1579 - The Die is : DIE410
2025-01-21 00:58:28,050 [INFO] ProjectBuilder:5154 - Time for Generating toolchain IDE Files: 1018mS.
2025-01-21 00:58:28,051 [INFO] ProjectBuilder:3146 - Time for Copy CMSIS : 0mS.
2025-01-21 00:58:28,057 [INFO] ProjectBuilder:3146 - Time for Copy CMSIS : 0mS.
2025-01-21 08:01:16,421 [INFO] WebApp:190 - Connection lost
2025-01-21 08:01:26,697 [INFO] WebApp:187 - Connection restablished
2025-01-21 08:03:12,447 [INFO] WebApp:190 - Connection lost
2025-01-21 08:03:12,625 [INFO] WebApp:187 - Connection restablished
2025-01-21 08:33:32,314 [INFO] TasksAndQueuesTab:757 - Dynamic
2025-01-21 08:33:32,320 [WARN] TasksAndQueuesTab:763 - 512 128
2025-01-21 08:33:32,321 [WARN] TasksAndQueuesTab:775 - max value is: 4096.0
2025-01-21 08:33:32,321 [INFO] TasksAndQueuesTab:757 - Dynamic
2025-01-21 08:33:32,321 [WARN] TasksAndQueuesTab:763 - 512 128
2025-01-21 08:33:32,322 [WARN] TasksAndQueuesTab:775 - max value is: 4096.0
2025-01-21 08:33:32,322 [INFO] TasksAndQueuesTab:757 - Dynamic
2025-01-21 08:33:32,322 [WARN] TasksAndQueuesTab:763 - 512 128
2025-01-21 08:33:32,322 [WARN] TasksAndQueuesTab:775 - max value is: 4096.0
2025-01-21 08:33:32,322 [INFO] TasksAndQueuesTab:757 - Dynamic
2025-01-21 08:33:32,323 [WARN] TasksAndQueuesTab:763 - 512 128
2025-01-21 08:33:32,323 [WARN] TasksAndQueuesTab:775 - max value is: 4096.0
2025-01-21 08:33:32,323 [INFO] TasksAndQueuesTab:757 - Dynamic
2025-01-21 08:33:32,323 [WARN] TasksAndQueuesTab:763 - 512 128
2025-01-21 08:33:32,324 [WARN] TasksAndQueuesTab:775 - max value is: 4096.0
2025-01-21 08:33:32,324 [INFO] TasksAndQueuesTab:757 - Dynamic
2025-01-21 08:33:32,324 [WARN] TasksAndQueuesTab:763 - 512 128
2025-01-21 08:33:32,324 [WARN] TasksAndQueuesTab:775 - max value is: 4096.0
2025-01-21 08:33:44,669 [INFO] TasksAndQueuesTab:757 - Dynamic
2025-01-21 08:33:44,669 [WARN] TasksAndQueuesTab:763 - 512 128
2025-01-21 08:33:44,669 [WARN] TasksAndQueuesTab:775 - max value is: 4096.0
2025-01-21 08:33:44,669 [INFO] TasksAndQueuesTab:757 - Dynamic
2025-01-21 08:33:44,669 [WARN] TasksAndQueuesTab:763 - 512 128
2025-01-21 08:33:44,669 [WARN] TasksAndQueuesTab:775 - max value is: 4096.0
2025-01-21 08:33:44,669 [INFO] TasksAndQueuesTab:757 - Dynamic
2025-01-21 08:33:44,669 [WARN] TasksAndQueuesTab:763 - 512 128
2025-01-21 08:33:44,669 [WARN] TasksAndQueuesTab:775 - max value is: 4096.0
2025-01-21 08:33:44,669 [INFO] TasksAndQueuesTab:757 - Dynamic
2025-01-21 08:33:44,670 [WARN] TasksAndQueuesTab:763 - 512 128
2025-01-21 08:33:44,670 [WARN] TasksAndQueuesTab:775 - max value is: 4096.0
2025-01-21 08:33:44,670 [INFO] TasksAndQueuesTab:757 - Dynamic
2025-01-21 08:33:44,670 [WARN] TasksAndQueuesTab:763 - 512 128
2025-01-21 08:33:44,671 [WARN] TasksAndQueuesTab:775 - max value is: 4096.0
2025-01-21 08:33:44,671 [INFO] TasksAndQueuesTab:757 - Dynamic
2025-01-21 08:33:44,671 [WARN] TasksAndQueuesTab:763 - 512 128
2025-01-21 08:33:44,671 [WARN] TasksAndQueuesTab:775 - max value is: 4096.0
2025-01-21 08:33:49,042 [INFO] TasksAndQueuesTab:757 - Dynamic
2025-01-21 08:33:49,043 [WARN] TasksAndQueuesTab:763 - 512 128
2025-01-21 08:33:49,043 [WARN] TasksAndQueuesTab:775 - max value is: 4096.0
2025-01-21 08:33:49,043 [INFO] TasksAndQueuesTab:757 - Dynamic
2025-01-21 08:33:49,044 [WARN] TasksAndQueuesTab:763 - 512 128
2025-01-21 08:33:49,044 [WARN] TasksAndQueuesTab:775 - max value is: 4096.0
2025-01-21 08:33:49,044 [INFO] TasksAndQueuesTab:757 - Dynamic
2025-01-21 08:33:49,044 [WARN] TasksAndQueuesTab:763 - 512 128
2025-01-21 08:33:49,044 [WARN] TasksAndQueuesTab:775 - max value is: 4096.0
2025-01-21 08:33:49,045 [INFO] TasksAndQueuesTab:757 - Dynamic
2025-01-21 08:33:49,045 [WARN] TasksAndQueuesTab:763 - 512 128
2025-01-21 08:33:49,045 [WARN] TasksAndQueuesTab:775 - max value is: 4096.0
2025-01-21 08:33:49,045 [INFO] TasksAndQueuesTab:757 - Dynamic
2025-01-21 08:33:49,046 [WARN] TasksAndQueuesTab:763 - 512 128
2025-01-21 08:33:49,047 [WARN] TasksAndQueuesTab:775 - max value is: 4096.0
2025-01-21 08:33:49,047 [INFO] TasksAndQueuesTab:757 - Dynamic
2025-01-21 08:33:49,048 [WARN] TasksAndQueuesTab:763 - 512 128
2025-01-21 08:33:49,048 [WARN] TasksAndQueuesTab:775 - max value is: 4096.0
2025-01-21 08:33:53,159 [INFO] UtilMem:75 - End SaveConfig() Used Memory: 399631072 Bytes (877658112)
2025-01-21 08:33:53,328 [INFO] UtilMem:75 - End SaveConfig() Used Memory: 414525384 Bytes (877658112)
2025-01-21 08:33:54,247 [INFO] UtilMem:75 - End SaveConfig() Used Memory: 484748240 Bytes (877658112)
2025-01-21 08:33:54,758 [INFO] BlockDiagram:2766 - set Specific Code input for plugin: NVIC
2025-01-21 08:33:54,758 [INFO] BlockDiagram:2766 - set Specific Code input for plugin: FREERTOS
2025-01-21 08:33:54,758 [INFO] BlockDiagram:2766 - set Specific Code input for plugin: USART
2025-01-21 08:33:54,758 [INFO] BlockDiagram:2766 - set Specific Code input for plugin: SYS
2025-01-21 08:33:54,759 [INFO] BlockDiagram:2766 - set Specific Code input for plugin: GPIO
2025-01-21 08:33:54,759 [INFO] BlockDiagram:2766 - set Specific Code input for plugin: RCC
2025-01-21 08:33:54,759 [INFO] BlockDiagram:2766 - set Specific Code input for plugin: I2C
2025-01-21 08:33:54,760 [INFO] CodeGenerator:896 - code generatio: config db path: C:\ST\STM32CubeIDE_1.15.1\STM32CubeIDE\plugins\com.st.stm32cube.common.mx_6.13.0.202411220809\\db\
2025-01-21 08:33:54,770 [WARN] IP:2251 - I2C_Coeff_DF not found: check if there is a RefParameter without a condition.
2025-01-21 08:33:54,770 [WARN] IP:2251 - Analog_Filter not found: check if there is a RefParameter without a condition.
2025-01-21 08:33:54,903 [INFO] CodeEngine:255 - oldGeneratedFile, D:\File\Project\TKHTN2024\CodeSTM\RMS\MXTmpFiles\license.tmp_save
2025-01-21 08:33:55,317 [INFO] CodeEngine:279 - Generated code: D:\File\Project\TKHTN2024\CodeSTM\RMS\MXTmpFiles\license.tmp
2025-01-21 08:33:55,377 [INFO] CodeEngine:255 - oldGeneratedFile, D:\File\Project\TKHTN2024\CodeSTM\RMS\MXTmpFiles\gpio.tmp_save
2025-01-21 08:33:55,720 [INFO] CodeEngine:279 - Generated code: D:\File\Project\TKHTN2024\CodeSTM\RMS\MXTmpFiles\gpio.tmp
2025-01-21 08:33:55,983 [INFO] Middleware:1450 - No code input for Bsp Dependency
2025-01-21 08:33:55,998 [INFO] CodeEngine:255 - oldGeneratedFile, D:\File\Project\TKHTN2024\CodeSTM\RMS\MXTmpFiles\rtos_inc.tmp_save
2025-01-21 08:33:56,272 [INFO] CodeEngine:279 - Generated code: D:\File\Project\TKHTN2024\CodeSTM\RMS\MXTmpFiles\rtos_inc.tmp
2025-01-21 08:33:56,280 [INFO] CodeEngine:255 - oldGeneratedFile, D:\File\Project\TKHTN2024\CodeSTM\RMS\MXTmpFiles\rtos_vars.tmp_save
2025-01-21 08:33:56,494 [INFO] CodeEngine:279 - Generated code: D:\File\Project\TKHTN2024\CodeSTM\RMS\MXTmpFiles\rtos_vars.tmp
2025-01-21 08:33:56,503 [INFO] CodeEngine:255 - oldGeneratedFile, D:\File\Project\TKHTN2024\CodeSTM\RMS\MXTmpFiles\rtos_pfp.tmp_save
2025-01-21 08:33:56,702 [INFO] CodeEngine:279 - Generated code: D:\File\Project\TKHTN2024\CodeSTM\RMS\MXTmpFiles\rtos_pfp.tmp
2025-01-21 08:33:56,710 [INFO] CodeEngine:255 - oldGeneratedFile, D:\File\Project\TKHTN2024\CodeSTM\RMS\MXTmpFiles\rtos_obj_creat.tmp_save
2025-01-21 08:33:56,925 [INFO] CodeEngine:279 - Generated code: D:\File\Project\TKHTN2024\CodeSTM\RMS\MXTmpFiles\rtos_obj_creat.tmp
2025-01-21 08:33:56,931 [INFO] CodeEngine:255 - oldGeneratedFile, D:\File\Project\TKHTN2024\CodeSTM\RMS\MXTmpFiles\rtos_kernelStart.tmp_save
2025-01-21 08:33:57,117 [INFO] CodeEngine:279 - Generated code: D:\File\Project\TKHTN2024\CodeSTM\RMS\MXTmpFiles\rtos_kernelStart.tmp
2025-01-21 08:33:57,124 [INFO] CodeEngine:255 - oldGeneratedFile, D:\File\Project\TKHTN2024\CodeSTM\RMS\MXTmpFiles\rtos_default_thread.tmp_save
2025-01-21 08:33:57,269 [INFO] CodeEngine:279 - Generated code: D:\File\Project\TKHTN2024\CodeSTM\RMS\MXTmpFiles\rtos_default_thread.tmp
2025-01-21 08:33:57,276 [INFO] CodeEngine:255 - oldGeneratedFile, D:\File\Project\TKHTN2024\CodeSTM\RMS\MXTmpFiles\rtos_threads.tmp_save
2025-01-21 08:33:57,399 [INFO] CodeEngine:279 - Generated code: D:\File\Project\TKHTN2024\CodeSTM\RMS\MXTmpFiles\rtos_threads.tmp
2025-01-21 08:33:57,426 [INFO] Middleware:1450 - No code input for Bsp Dependency
2025-01-21 08:33:57,450 [INFO] CodeEngine:255 - oldGeneratedFile, D:\File\Project\TKHTN2024\CodeSTM\RMS\MXTmpFiles\rtos_inc.tmp_save
2025-01-21 08:33:57,622 [INFO] CodeEngine:279 - Generated code: D:\File\Project\TKHTN2024\CodeSTM\RMS\MXTmpFiles\rtos_inc.tmp
2025-01-21 08:33:57,635 [INFO] CodeEngine:255 - oldGeneratedFile, D:\File\Project\TKHTN2024\CodeSTM\RMS\MXTmpFiles\rtos_vars.tmp_save
2025-01-21 08:33:57,737 [INFO] CodeEngine:279 - Generated code: D:\File\Project\TKHTN2024\CodeSTM\RMS\MXTmpFiles\rtos_vars.tmp
2025-01-21 08:33:57,746 [INFO] CodeEngine:255 - oldGeneratedFile, D:\File\Project\TKHTN2024\CodeSTM\RMS\MXTmpFiles\rtos_pfp.tmp_save
2025-01-21 08:33:57,828 [INFO] CodeEngine:279 - Generated code: D:\File\Project\TKHTN2024\CodeSTM\RMS\MXTmpFiles\rtos_pfp.tmp
2025-01-21 08:33:57,851 [INFO] CodeEngine:255 - oldGeneratedFile, D:\File\Project\TKHTN2024\CodeSTM\RMS\MXTmpFiles\rtos_obj_creat.tmp_save
2025-01-21 08:33:57,966 [INFO] CodeEngine:279 - Generated code: D:\File\Project\TKHTN2024\CodeSTM\RMS\MXTmpFiles\rtos_obj_creat.tmp
2025-01-21 08:33:57,986 [INFO] CodeEngine:255 - oldGeneratedFile, D:\File\Project\TKHTN2024\CodeSTM\RMS\MXTmpFiles\rtos_kernelStart.tmp_save
2025-01-21 08:33:58,086 [INFO] CodeEngine:279 - Generated code: D:\File\Project\TKHTN2024\CodeSTM\RMS\MXTmpFiles\rtos_kernelStart.tmp
2025-01-21 08:33:58,093 [INFO] CodeEngine:255 - oldGeneratedFile, D:\File\Project\TKHTN2024\CodeSTM\RMS\MXTmpFiles\rtos_default_thread.tmp_save
2025-01-21 08:33:58,193 [INFO] CodeEngine:279 - Generated code: D:\File\Project\TKHTN2024\CodeSTM\RMS\MXTmpFiles\rtos_default_thread.tmp
2025-01-21 08:33:58,203 [INFO] CodeEngine:255 - oldGeneratedFile, D:\File\Project\TKHTN2024\CodeSTM\RMS\MXTmpFiles\rtos_threads.tmp_save
2025-01-21 08:33:58,315 [INFO] CodeEngine:279 - Generated code: D:\File\Project\TKHTN2024\CodeSTM\RMS\MXTmpFiles\rtos_threads.tmp
2025-01-21 08:33:58,360 [INFO] CodeEngine:255 - oldGeneratedFile, D:\File\Project\TKHTN2024\CodeSTM\RMS\Core\Inc\FreeRTOSConfig.h_save
2025-01-21 08:33:58,580 [INFO] CodeEngine:279 - Generated code: D:\File\Project\TKHTN2024\CodeSTM\RMS\Core\Inc\FreeRTOSConfig.h
2025-01-21 08:33:58,628 [INFO] CodeEngine:255 - oldGeneratedFile, D:\File\Project\TKHTN2024\CodeSTM\RMS\Core\Src\freertos.c_save
2025-01-21 08:33:58,901 [INFO] CodeEngine:279 - Generated code: D:\File\Project\TKHTN2024\CodeSTM\RMS\Core\Src\freertos.c
2025-01-21 08:33:58,952 [INFO] CodeEngine:255 - oldGeneratedFile, D:\File\Project\TKHTN2024\CodeSTM\RMS\Core\Src\stm32f1xx_it.c_save
2025-01-21 08:33:59,240 [INFO] CodeEngine:279 - Generated code: D:\File\Project\TKHTN2024\CodeSTM\RMS\Core\Src\stm32f1xx_it.c
2025-01-21 08:33:59,272 [INFO] CodeEngine:255 - oldGeneratedFile, D:\File\Project\TKHTN2024\CodeSTM\RMS\Core\Inc\stm32f1xx_it.h_save
2025-01-21 08:33:59,447 [INFO] CodeEngine:279 - Generated code: D:\File\Project\TKHTN2024\CodeSTM\RMS\Core\Inc\stm32f1xx_it.h
2025-01-21 08:33:59,512 [INFO] CodeEngine:255 - oldGeneratedFile, D:\File\Project\TKHTN2024\CodeSTM\RMS\Core\Src\stm32f1xx_hal_msp.c_save
2025-01-21 08:33:59,675 [INFO] CodeEngine:279 - Generated code: D:\File\Project\TKHTN2024\CodeSTM\RMS\Core\Src\stm32f1xx_hal_msp.c
2025-01-21 08:33:59,681 [INFO] CodeEngine:255 - oldGeneratedFile, D:\File\Project\TKHTN2024\CodeSTM\RMS\MXTmpFiles\system.tmp_save
2025-01-21 08:33:59,758 [INFO] CodeEngine:279 - Generated code: D:\File\Project\TKHTN2024\CodeSTM\RMS\MXTmpFiles\system.tmp
2025-01-21 08:33:59,787 [INFO] CodeEngine:255 - oldGeneratedFile, D:\File\Project\TKHTN2024\CodeSTM\RMS\Core\Src\stm32f1xx_hal_timebase_tim.c_save
2025-01-21 08:34:00,038 [INFO] CodeEngine:279 - Generated code: D:\File\Project\TKHTN2024\CodeSTM\RMS\Core\Src\stm32f1xx_hal_timebase_tim.c
2025-01-21 08:34:00,087 [INFO] CodeEngine:311 - oldGeneratedFile, D:\File\Project\TKHTN2024\CodeSTM\RMS\Core\Inc\stm32f1xx_hal_conf.h_save
2025-01-21 08:34:00,339 [INFO] CodeEngine:335 - Generated code: D:\File\Project\TKHTN2024\CodeSTM\RMS\Core\Inc\stm32f1xx_hal_conf.h
2025-01-21 08:34:00,437 [INFO] CodeEngine:255 - oldGeneratedFile, D:\File\Project\TKHTN2024\CodeSTM\RMS\Core\Inc\main.h_save
2025-01-21 08:34:00,596 [INFO] CodeEngine:279 - Generated code: D:\File\Project\TKHTN2024\CodeSTM\RMS\Core\Inc\main.h
2025-01-21 08:34:00,629 [INFO] CodeEngine:255 - oldGeneratedFile, D:\File\Project\TKHTN2024\CodeSTM\RMS\Core\Src\main.c_save
2025-01-21 08:34:00,989 [INFO] CodeEngine:279 - Generated code: D:\File\Project\TKHTN2024\CodeSTM\RMS\Core\Src\main.c
2025-01-21 08:34:01,641 [INFO] ProjectBuilder:3289 - Time for Copy HAL[1] : 332mS.
2025-01-21 08:34:01,649 [INFO] ProjectBuilder:4876 - Project Generator version: 4.5.0-RC5
2025-01-21 08:34:01,754 [INFO] ConfigFileManager:1579 - The Die is : DIE410
2025-01-21 08:34:03,347 [INFO] ProjectBuilder:5154 - Time for Generating toolchain IDE Files: 1698mS.
2025-01-21 08:34:03,354 [INFO] ProjectBuilder:3146 - Time for Copy CMSIS : 0mS.
2025-01-21 08:34:03,366 [INFO] ProjectBuilder:3146 - Time for Copy CMSIS : 0mS.
