2025-01-22 12:54:03,843 [INFO] Activator:176 - 


2025-01-22 12:54:03,849 [INFO] Activator:177 - !SESSION log4j initialized
2025-01-22 12:54:12,830 [INFO] LogOutputStream:77 - [STDOUT_REDIRECT] 
2025-01-22 12:54:15,907 [INFO] ApplicationProperties:184 - Using Application install path: C:\ST\STM32CubeIDE_1.15.1\STM32CubeIDE\plugins\com.st.stm32cube.common.mx_6.13.0.202411220809
2025-01-22 12:54:15,929 [INFO] DbMcusXml:78 - Set database path to: C:\ST\STM32CubeIDE_1.15.1\STM32CubeIDE\plugins\com.st.stm32cube.common.mx_6.13.0.202411220809\\db\/mcu/
2025-01-22 12:54:15,929 [INFO] ApiDb:274 - Set plugin database path to: C:\ST\STM32CubeIDE_1.15.1\STM32CubeIDE\plugins\com.st.stm32cube.common.mx_6.13.0.202411220809\\db\/plugins/boardmanager/
2025-01-22 12:54:15,967 [WARN] ApiDb:259 - Overriding images path with different value:  => C:\ST\STM32CubeIDE_1.15.1\STM32CubeIDE\plugins\com.st.stm32cube.common.mx_6.13.0.202411220809\\db\/plugins/mcufinder/images/
2025-01-22 12:54:15,979 [INFO] ApiDb:250 - Set database path to: C:\Users\BacTV\.stmcufinder\plugins\mcufinder//mcu/
2025-01-22 12:54:15,980 [INFO] DbMcusAds:125 - Set database path to: C:\Users\BacTV\.stmcufinder\plugins\mcufinder//mcu/
2025-01-22 12:54:15,983 [INFO] CrossReferenceDbSqlite:203 - Set database path to: C:\Users\BacTV\.stmcufinder\plugins\mcufinder//mcu/cs/
2025-01-22 12:54:16,132 [INFO] RulesReader:64 - Compatibility file has been processed (297 Rules)
2025-01-22 12:54:16,235 [INFO] DbMcusXml:78 - Set database path to: C:\ST\STM32CubeIDE_1.15.1\STM32CubeIDE\plugins\com.st.stm32cube.common.mx_6.13.0.202411220809\\db\/mcu/
2025-01-22 12:54:16,235 [INFO] ApiDb:274 - Set plugin database path to: C:\ST\STM32CubeIDE_1.15.1\STM32CubeIDE\plugins\com.st.stm32cube.common.mx_6.13.0.202411220809\\db\/plugins/boardmanager/
2025-01-22 12:54:16,236 [INFO] ApiDb:261 - Set plugin images path to: C:\ST\STM32CubeIDE_1.15.1\STM32CubeIDE\plugins\com.st.stm32cube.common.mx_6.13.0.202411220809\\db\/plugins/mcufinder/images/
2025-01-22 12:54:16,236 [WARN] DbFile:41 - Overriding database path with different value: C:\Users\BacTV\.stmcufinder\plugins\mcufinder/ => C:\Users\BacTV\.stmcufinder\plugins\mcufinder
2025-01-22 12:54:16,236 [INFO] ApiDb:250 - Set database path to: C:\Users\BacTV\.stmcufinder\plugins\mcufinder//mcu/
2025-01-22 12:54:16,236 [WARN] DbFile:41 - Overriding database path with different value: C:\Users\BacTV\.stmcufinder\plugins\mcufinder/ => C:\Users\BacTV\.stmcufinder\plugins\mcufinder
2025-01-22 12:54:16,236 [INFO] DbMcusAds:125 - Set database path to: C:\Users\BacTV\.stmcufinder\plugins\mcufinder//mcu/
2025-01-22 12:54:16,236 [WARN] DbFile:41 - Overriding database path with different value: C:\Users\BacTV\.stmcufinder\plugins\mcufinder/ => C:\Users\BacTV\.stmcufinder\plugins\mcufinder
2025-01-22 12:54:16,237 [WARN] DbFile:41 - Overriding database path with different value: C:\Users\BacTV\.stmcufinder\plugins\mcufinder/ => C:\Users\BacTV\.stmcufinder\plugins\mcufinder
2025-01-22 12:54:16,237 [INFO] CrossReferenceDbSqlite:203 - Set database path to: C:\Users\BacTV\.stmcufinder\plugins\mcufinder//mcu/cs/
2025-01-22 12:54:16,324 [INFO] MainPanel:272 - HeapMemory: 268435456
2025-01-22 12:54:16,442 [INFO] DbMcusXml:78 - Set database path to: C:\ST\STM32CubeIDE_1.15.1\STM32CubeIDE\plugins\com.st.stm32cube.common.mx_6.13.0.202411220809\\db\/mcu/
2025-01-22 12:54:16,442 [INFO] ApiDb:274 - Set plugin database path to: C:\ST\STM32CubeIDE_1.15.1\STM32CubeIDE\plugins\com.st.stm32cube.common.mx_6.13.0.202411220809\\db\/plugins/boardmanager/
2025-01-22 12:54:16,442 [INFO] ApiDb:261 - Set plugin images path to: C:\ST\STM32CubeIDE_1.15.1\STM32CubeIDE\plugins\com.st.stm32cube.common.mx_6.13.0.202411220809\\db\/plugins/mcufinder/images/
2025-01-22 12:54:16,442 [WARN] DbFile:41 - Overriding database path with different value: C:\Users\BacTV\.stmcufinder\plugins\mcufinder/ => C:\Users\BacTV\.stmcufinder\plugins\mcufinder
2025-01-22 12:54:16,442 [INFO] ApiDb:250 - Set database path to: C:\Users\BacTV\.stmcufinder\plugins\mcufinder//mcu/
2025-01-22 12:54:16,442 [WARN] DbFile:41 - Overriding database path with different value: C:\Users\BacTV\.stmcufinder\plugins\mcufinder/ => C:\Users\BacTV\.stmcufinder\plugins\mcufinder
2025-01-22 12:54:16,442 [INFO] DbMcusAds:125 - Set database path to: C:\Users\BacTV\.stmcufinder\plugins\mcufinder//mcu/
2025-01-22 12:54:16,442 [WARN] DbFile:41 - Overriding database path with different value: C:\Users\BacTV\.stmcufinder\plugins\mcufinder/ => C:\Users\BacTV\.stmcufinder\plugins\mcufinder
2025-01-22 12:54:16,442 [WARN] DbFile:41 - Overriding database path with different value: C:\Users\BacTV\.stmcufinder\plugins\mcufinder/ => C:\Users\BacTV\.stmcufinder\plugins\mcufinder
2025-01-22 12:54:16,442 [INFO] CrossReferenceDbSqlite:203 - Set database path to: C:\Users\BacTV\.stmcufinder\plugins\mcufinder//mcu/cs/
2025-01-22 12:54:16,463 [INFO] ApplicationProperties:184 - Using Application install path: C:\ST\STM32CubeIDE_1.15.1\STM32CubeIDE\plugins\com.st.stm32cube.common.mx_6.13.0.202411220809
2025-01-22 12:54:16,465 [INFO] PluginManage:196 - Search for loadable plugins [exclusion list=, ]
2025-01-22 12:54:16,468 [INFO] PluginManage:310 - Check plugin analytics
2025-01-22 12:54:16,745 [INFO] AnalyticsPlugin:253 - Accepted Software Licenses: 
2025-01-22 12:54:16,746 [INFO] AnalyticsPlugin:255 - Accepted CMSIS Pack Licenses: 
2025-01-22 12:54:16,746 [INFO] AnalyticsPlugin:257 - Accepted Firmware Licenses: 
2025-01-22 12:54:16,750 [INFO] PluginManage:359 - Loaded plugin analytics (category:tool,tabindex:-1)
2025-01-22 12:54:16,751 [INFO] PluginManage:310 - Check plugin cadmodel
2025-01-22 12:54:16,773 [INFO] CADModel:105 - Init CAD model plugin
2025-01-22 12:54:16,773 [INFO] PluginManage:359 - Loaded plugin cadmodel (category:power,tabindex:5)
2025-01-22 12:54:16,773 [INFO] PluginManage:310 - Check plugin clock
2025-01-22 12:54:16,798 [INFO] PluginManage:359 - Loaded plugin clock (category:base,tabindex:2)
2025-01-22 12:54:16,812 [INFO] PluginManage:310 - Check plugin ddr
2025-01-22 12:54:16,816 [INFO] PluginManage:359 - Loaded plugin ddr (category:tool,tabindex:6)
2025-01-22 12:54:16,817 [INFO] PluginManage:310 - Check plugin filemanager
2025-01-22 12:54:17,032 [INFO] PluginManage:359 - Loaded plugin filemanager (category:base,tabindex:10)
2025-01-22 12:54:17,032 [INFO] PluginManage:310 - Check plugin ipmanager
2025-01-22 12:54:17,041 [INFO] PluginManage:359 - Loaded plugin ipmanager (category:base,tabindex:5)
2025-01-22 12:54:17,041 [INFO] PluginManage:310 - Check plugin lpbam
2025-01-22 12:54:17,065 [INFO] PluginManage:359 - Loaded plugin lpbam (category:base,tabindex:0)
2025-01-22 12:54:17,066 [INFO] PluginManage:310 - Check plugin memorymap
2025-01-22 12:54:17,095 [INFO] PluginManage:359 - Loaded plugin memorymap (category:base,tabindex:4)
2025-01-22 12:54:17,095 [INFO] PluginManage:310 - Check plugin pinoutandconfiguration
2025-01-22 12:54:17,124 [INFO] PluginManage:359 - Loaded plugin pinoutandconfiguration (category:base,tabindex:1)
2025-01-22 12:54:17,124 [INFO] PluginManage:310 - Check plugin pinoutconfig
2025-01-22 12:54:17,262 [WARN] SupportedApi:132 - Cannot load RTOS API schema: s4s-elt-must-match.1: The content of 'definitions' must match (annotation?, (simpleType | complexType)?, (unique | key | keyref)*)). A problem was found starting at: attribute.
2025-01-22 12:54:17,444 [INFO] PluginManage:359 - Loaded plugin pinoutconfig (category:base,tabindex:0)
2025-01-22 12:54:17,445 [INFO] PluginManage:310 - Check plugin power
2025-01-22 12:54:17,473 [INFO] PluginManage:359 - Loaded plugin power (category:power,tabindex:4)
2025-01-22 12:54:17,473 [INFO] PluginManage:310 - Check plugin projectmanager
2025-01-22 12:54:17,492 [INFO] PluginManage:359 - Loaded plugin projectmanager (category:projectmanager,tabindex:4)
2025-01-22 12:54:17,492 [INFO] PluginManage:310 - Check plugin rif
2025-01-22 12:54:17,516 [INFO] PluginManage:359 - Loaded plugin rif (category:base,tabindex:3)
2025-01-22 12:54:17,516 [INFO] PluginManage:310 - Check plugin thirdparty
2025-01-22 12:54:17,925 [INFO] PluginManage:359 - Loaded plugin thirdparty (category:base,tabindex:-1)
2025-01-22 12:54:17,925 [WARN] IntegrityCheckThread:84 - waiting for thirdparty lock release [integrity check]
2025-01-22 12:54:17,925 [INFO] PluginManage:310 - Check plugin tools
2025-01-22 12:54:17,925 [INFO] IntegrityCheckThread:86 - entering critical section [integrity check]
2025-01-22 12:54:17,926 [INFO] ThirdPartyUpdaterWithRetryManager:70 - Updater plugin not ready yet. [1/15]
2025-01-22 12:54:17,976 [INFO] PluginManage:359 - Loaded plugin tools (category:base,tabindex:7)
2025-01-22 12:54:17,976 [INFO] PluginManage:310 - Check plugin tutovideos
2025-01-22 12:54:18,196 [INFO] PluginManage:359 - Loaded plugin tutovideos (category:base,tabindex:-1)
2025-01-22 12:54:18,197 [INFO] PluginManage:310 - Check plugin updater
2025-01-22 12:54:18,219 [INFO] PluginManage:359 - Loaded plugin updater (category:base,tabindex:12)
2025-01-22 12:54:18,220 [INFO] PluginManage:310 - Check plugin userauth
2025-01-22 12:54:18,224 [INFO] UserAuth:118 - Init User Auth plugin
2025-01-22 12:54:18,225 [INFO] PluginManage:359 - Loaded plugin userauth (category:base,tabindex:14)
2025-01-22 12:54:18,226 [INFO] PluginManage:283 - PluginManage : Loaded plugins [18]
2025-01-22 12:54:18,461 [INFO] PinOutPanel:1589 - setPackage(No Configuration,No Configuration)
2025-01-22 12:54:18,558 [INFO] CADModel:165 - CPN selected for project level
2025-01-22 12:54:18,558 [INFO] CADModel:114 - Register for checkConnection events
2025-01-22 12:54:18,593 [INFO] IPUIPlugin:80 - create IPUIPlugin
2025-01-22 12:54:18,594 [INFO] PluginManager:220 - loadIPPluginJar : add adc
2025-01-22 12:54:18,650 [INFO] IPUIPlugin:80 - create IPUIPlugin
2025-01-22 12:54:18,650 [INFO] PluginManager:220 - loadIPPluginJar : add aes
2025-01-22 12:54:18,709 [INFO] IPUIPlugin:80 - create IPUIPlugin
2025-01-22 12:54:18,709 [INFO] PluginManager:220 - loadIPPluginJar : add can
2025-01-22 12:54:18,746 [INFO] IPUIPlugin:80 - create IPUIPlugin
2025-01-22 12:54:18,746 [INFO] PluginManager:220 - loadIPPluginJar : add comp
2025-01-22 12:54:18,797 [INFO] IPUIPlugin:80 - create IPUIPlugin
2025-01-22 12:54:18,797 [INFO] PluginManager:220 - loadIPPluginJar : add cryp
2025-01-22 12:54:18,818 [INFO] IPUIPlugin:80 - create IPUIPlugin
2025-01-22 12:54:18,818 [INFO] PluginManager:220 - loadIPPluginJar : add ddr_ctrl_phy
2025-01-22 12:54:18,871 [INFO] IPUIPlugin:80 - create IPUIPlugin
2025-01-22 12:54:18,871 [INFO] PluginManager:220 - loadIPPluginJar : add dfsdm
2025-01-22 12:54:18,897 [INFO] IPUIPlugin:80 - create IPUIPlugin
2025-01-22 12:54:18,898 [INFO] PluginManager:220 - loadIPPluginJar : add dma
2025-01-22 12:54:18,957 [INFO] IPUIPlugin:80 - create IPUIPlugin
2025-01-22 12:54:18,957 [INFO] PluginManager:220 - loadIPPluginJar : add dma3
2025-01-22 12:54:19,033 [INFO] IPUIPlugin:80 - create IPUIPlugin
2025-01-22 12:54:19,034 [INFO] PluginManager:220 - loadIPPluginJar : add extmemmanager
2025-01-22 12:54:19,069 [INFO] IPUIPlugin:80 - create IPUIPlugin
2025-01-22 12:54:19,069 [INFO] PluginManager:220 - loadIPPluginJar : add fatfs
2025-01-22 12:54:19,129 [INFO] IPUIPlugin:80 - create IPUIPlugin
2025-01-22 12:54:19,129 [INFO] PluginManager:220 - loadIPPluginJar : add fmc
2025-01-22 12:54:19,149 [INFO] IPUIPlugin:80 - create IPUIPlugin
2025-01-22 12:54:19,149 [INFO] PluginManager:220 - loadIPPluginJar : add freertos
2025-01-22 12:54:19,180 [INFO] IPUIPlugin:80 - create IPUIPlugin
2025-01-22 12:54:19,180 [INFO] PluginManager:220 - loadIPPluginJar : add genericplugin
2025-01-22 12:54:19,304 [INFO] IPUIPlugin:80 - create IPUIPlugin
2025-01-22 12:54:19,304 [INFO] PluginManager:220 - loadIPPluginJar : add gfxmmu
2025-01-22 12:54:19,474 [INFO] IPUIPlugin:80 - create IPUIPlugin
2025-01-22 12:54:19,474 [INFO] PluginManager:220 - loadIPPluginJar : add gic
2025-01-22 12:54:19,507 [INFO] IPUIPlugin:80 - create IPUIPlugin
2025-01-22 12:54:19,507 [INFO] PluginManager:220 - loadIPPluginJar : add gpio
2025-01-22 12:54:19,626 [INFO] IPUIPlugin:80 - create IPUIPlugin
2025-01-22 12:54:19,626 [INFO] PluginManager:220 - loadIPPluginJar : add gtzc
2025-01-22 12:54:19,683 [INFO] IPUIPlugin:80 - create IPUIPlugin
2025-01-22 12:54:19,683 [INFO] PluginManager:220 - loadIPPluginJar : add hash
2025-01-22 12:54:19,748 [INFO] IPUIPlugin:80 - create IPUIPlugin
2025-01-22 12:54:19,749 [INFO] PluginManager:220 - loadIPPluginJar : add i2c
2025-01-22 12:54:19,798 [INFO] IPUIPlugin:80 - create IPUIPlugin
2025-01-22 12:54:19,799 [INFO] PluginManager:220 - loadIPPluginJar : add i2s
2025-01-22 12:54:19,857 [INFO] IPUIPlugin:80 - create IPUIPlugin
2025-01-22 12:54:19,858 [INFO] PluginManager:220 - loadIPPluginJar : add i3c
2025-01-22 12:54:20,021 [INFO] IPUIPlugin:80 - create IPUIPlugin
2025-01-22 12:54:20,022 [INFO] PluginManager:220 - loadIPPluginJar : add ipddr
2025-01-22 12:54:20,164 [INFO] IPUIPlugin:80 - create IPUIPlugin
2025-01-22 12:54:20,167 [INFO] PluginManager:220 - loadIPPluginJar : add linkedlist
2025-01-22 12:54:20,235 [INFO] IPUIPlugin:80 - create IPUIPlugin
2025-01-22 12:54:20,235 [INFO] PluginManager:220 - loadIPPluginJar : add lorawan
2025-01-22 12:54:20,291 [INFO] IPUIPlugin:80 - create IPUIPlugin
2025-01-22 12:54:20,291 [INFO] PluginManager:220 - loadIPPluginJar : add ltdc
2025-01-22 12:54:20,309 [INFO] IPUIPlugin:80 - create IPUIPlugin
2025-01-22 12:54:20,309 [INFO] PluginManager:220 - loadIPPluginJar : add mdma
2025-01-22 12:54:20,325 [INFO] IPUIPlugin:80 - create IPUIPlugin
2025-01-22 12:54:20,326 [INFO] PluginManager:220 - loadIPPluginJar : add nvic
2025-01-22 12:54:20,387 [INFO] IPUIPlugin:80 - create IPUIPlugin
2025-01-22 12:54:20,387 [INFO] PluginManager:220 - loadIPPluginJar : add opamp
2025-01-22 12:54:20,471 [INFO] IPUIPlugin:80 - create IPUIPlugin
2025-01-22 12:54:20,472 [INFO] PluginManager:220 - loadIPPluginJar : add openamp
2025-01-22 12:54:20,538 [INFO] IPUIPlugin:80 - create IPUIPlugin
2025-01-22 12:54:20,538 [INFO] PluginManager:220 - loadIPPluginJar : add pdm2pcm
2025-01-22 12:54:20,557 [INFO] IPUIPlugin:80 - create IPUIPlugin
2025-01-22 12:54:20,561 [INFO] PluginManager:220 - loadIPPluginJar : add plateformsettings
2025-01-22 12:54:20,591 [INFO] IPUIPlugin:80 - create IPUIPlugin
2025-01-22 12:54:20,592 [INFO] PluginManager:220 - loadIPPluginJar : add quadspi
2025-01-22 12:54:20,631 [INFO] IPUIPlugin:80 - create IPUIPlugin
2025-01-22 12:54:20,631 [INFO] PluginManager:220 - loadIPPluginJar : add radio
2025-01-22 12:54:20,648 [INFO] IPUIPlugin:80 - create IPUIPlugin
2025-01-22 12:54:20,648 [INFO] PluginManager:220 - loadIPPluginJar : add resmgrutility
2025-01-22 12:54:20,719 [INFO] IPUIPlugin:80 - create IPUIPlugin
2025-01-22 12:54:20,720 [INFO] PluginManager:220 - loadIPPluginJar : add sai
2025-01-22 12:54:20,774 [INFO] IPUIPlugin:80 - create IPUIPlugin
2025-01-22 12:54:20,774 [INFO] PluginManager:220 - loadIPPluginJar : add spi
2025-01-22 12:54:20,860 [INFO] IPUIPlugin:80 - create IPUIPlugin
2025-01-22 12:54:20,860 [INFO] PluginManager:220 - loadIPPluginJar : add stm32_wpan
2025-01-22 12:54:20,894 [INFO] IPUIPlugin:80 - create IPUIPlugin
2025-01-22 12:54:20,914 [INFO] PluginManager:220 - loadIPPluginJar : add tim
2025-01-22 12:54:20,928 [INFO] ThirdPartyUpdaterWithRetryManager:70 - Updater plugin not ready yet. [2/15]
2025-01-22 12:54:20,998 [INFO] IPUIPlugin:80 - create IPUIPlugin
2025-01-22 12:54:20,998 [INFO] PluginManager:220 - loadIPPluginJar : add touchsensing
2025-01-22 12:54:21,028 [INFO] IPUIPlugin:80 - create IPUIPlugin
2025-01-22 12:54:21,029 [INFO] PluginManager:220 - loadIPPluginJar : add tracer_emb
2025-01-22 12:54:21,060 [INFO] IPUIPlugin:80 - create IPUIPlugin
2025-01-22 12:54:21,060 [INFO] PluginManager:220 - loadIPPluginJar : add ts
2025-01-22 12:54:21,091 [INFO] IPUIPlugin:80 - create IPUIPlugin
2025-01-22 12:54:21,091 [INFO] PluginManager:220 - loadIPPluginJar : add tsc
2025-01-22 12:54:21,120 [INFO] IPUIPlugin:80 - create IPUIPlugin
2025-01-22 12:54:21,121 [INFO] PluginManager:220 - loadIPPluginJar : add ucpd
2025-01-22 12:54:21,179 [INFO] IPUIPlugin:80 - create IPUIPlugin
2025-01-22 12:54:21,179 [INFO] PluginManager:220 - loadIPPluginJar : add usart
2025-01-22 12:54:21,235 [INFO] IPUIPlugin:80 - create IPUIPlugin
2025-01-22 12:54:21,235 [INFO] PluginManager:220 - loadIPPluginJar : add usbx
2025-01-22 12:54:21,370 [FATAL] Updater:351 - Updater called before beeing initialized
2025-01-22 12:54:21,426 [INFO] RulesReader:64 - Compatibility file has been processed (297 Rules)
2025-01-22 12:54:21,438 [INFO] RulesReader:64 - Compatibility file has been processed (297 Rules)
2025-01-22 12:54:21,450 [INFO] CADModel:165 - CPN selected for project level
2025-01-22 12:54:21,450 [INFO] CADModel:114 - Register for checkConnection events
2025-01-22 12:54:21,451 [FATAL] Updater:351 - Updater called before beeing initialized
2025-01-22 12:54:21,451 [ERROR] CADModel:125 - Updater not yet initialized, retry later 
2025-01-22 12:54:21,646 [FATAL] Updater:351 - Updater called before beeing initialized
2025-01-22 12:54:21,648 [INFO] CADModel:165 - CPN selected for project level
2025-01-22 12:54:21,649 [INFO] CADModel:114 - Register for checkConnection events
2025-01-22 12:54:21,649 [FATAL] Updater:351 - Updater called before beeing initialized
2025-01-22 12:54:21,649 [ERROR] CADModel:125 - Updater not yet initialized, retry later 
2025-01-22 12:54:21,653 [FATAL] Updater:351 - Updater called before beeing initialized
2025-01-22 12:54:21,809 [FATAL] Updater:351 - Updater called before beeing initialized
2025-01-22 12:54:21,823 [INFO] DbMcusAds:53 - JSON generation date=Tue Dec 17 23:01:15 ICT 2024 (1734451275143)
2025-01-22 12:54:21,823 [FATAL] Updater:351 - Updater called before beeing initialized
2025-01-22 12:54:21,889 [WARN] DetailPanel:346 - Failed to get advertising image, set to default
2025-01-22 12:54:22,197 [FATAL] Updater:351 - Updater called before beeing initialized
2025-01-22 12:54:22,201 [FATAL] Updater:351 - Updater called before beeing initialized
2025-01-22 12:54:22,201 [FATAL] Updater:351 - Updater called before beeing initialized
2025-01-22 12:54:22,201 [WARN] DetailPanel:346 - Failed to get advertising image, set to default
2025-01-22 12:54:22,202 [FATAL] Updater:351 - Updater called before beeing initialized
2025-01-22 12:54:22,273 [ERROR] Updater:1198 - MainUpdater not yet initialized. External WinMGr cannot be set.
2025-01-22 12:54:22,292 [INFO] Updater:1134 - Updater Version found : 6.13.0
2025-01-22 12:54:22,311 [INFO] ApplicationProperties:184 - Using Application install path: C:\ST\STM32CubeIDE_1.15.1\STM32CubeIDE\plugins\com.st.stm32cube.common.mx_6.13.0.202411220809
2025-01-22 12:54:23,914 [ERROR] LogOutputStream:75 - [STDERR_REDIRECT] Jan 22, 2025 12:54:23 PM java.util.prefs.WindowsPreferences <init>
2025-01-22 12:54:23,917 [ERROR] LogOutputStream:75 - [STDERR_REDIRECT] WARNING: Could not open/create prefs root node Software\JavaSoft\Prefs at root 0xffffffff80000002. Windows RegCreateKeyEx(...) returned error code 5.
2025-01-22 12:54:23,917 [ERROR] LogOutputStream:75 - [STDERR_REDIRECT] 
2025-01-22 12:54:23,929 [INFO] ThirdPartyUpdaterWithRetryManager:70 - Updater plugin not ready yet. [3/15]
2025-01-22 12:54:24,615 [INFO] MainUpdater:2872 - connection check result : 10
2025-01-22 12:54:24,617 [INFO] MainUpdater:289 - Updater Check For Update Now.
2025-01-22 12:54:24,617 [INFO] MicroXplorer:498 - Change Database Version : DB.6.0.130
2025-01-22 12:54:24,663 [INFO] McuFinderGlobals:63 - Set McuFinder mode to 2 (CubeIDE integrated)
2025-01-22 12:54:24,679 [INFO] UserAuth:486 - Internet connection configuration mode: 1
2025-01-22 12:54:24,724 [INFO] JxBrowserEngine:152 - Initiate JxBrowser Engine with user profile folder
2025-01-22 12:54:24,969 [INFO] CheckServerUpdateThread:120 - End of CheckServer Thread
2025-01-22 12:54:26,774 [INFO] WebApp:168 - Instantiating new browser for Auth
2025-01-22 12:54:27,445 [WARN] PackLoader:240 - Cannot read IP mode file for STMicroelectronics.FP-SNS-MOTENVWB1.1.4.0
2025-01-22 12:54:27,481 [WARN] PackLoader:240 - Cannot read IP mode file for STMicroelectronics.FP-ATR-ASTRA1.2.0.1
2025-01-22 12:54:27,515 [WARN] PackLoader:240 - Cannot read IP mode file for STMicroelectronics.X-CUBE-SMBUS.2.1.0
2025-01-22 12:54:27,539 [WARN] PackLoader:240 - Cannot read IP mode file for STMicroelectronics.X-CUBE-WB05N.1.1.0
2025-01-22 12:54:27,614 [WARN] PackLoader:240 - Cannot read IP mode file for STMicroelectronics.X-CUBE-AZRTOS-F7.1.1.0
2025-01-22 12:54:27,753 [WARN] PackLoader:240 - Cannot read IP mode file for STMicroelectronics.X-CUBE-MEMS1.11.0.0
2025-01-22 12:54:27,979 [WARN] PackLoader:240 - Cannot read IP mode file for STMicroelectronics.FP-SNS-FLIGHT1.5.0.2
2025-01-22 12:54:28,009 [WARN] PackLoader:240 - Cannot read IP mode file for STMicroelectronics.X-CUBE-DISPLAY.3.0.0
2025-01-22 12:54:28,047 [WARN] PackLoader:240 - Cannot read IP mode file for STMicroelectronics.X-CUBE-BLE1.7.0.0
2025-01-22 12:54:28,081 [WARN] PackLoader:240 - Cannot read IP mode file for STMicroelectronics.X-CUBE-NFC10.1.0.0
2025-01-22 12:54:28,146 [WARN] PackLoader:240 - Cannot read IP mode file for STMicroelectronics.X-CUBE-BLEMGR.4.0.0
2025-01-22 12:54:28,199 [WARN] PackLoader:240 - Cannot read IP mode file for emotas.I-CUBE-CANOPEN.1.3.0
2025-01-22 12:54:28,250 [WARN] PackLoader:240 - Cannot read IP mode file for STMicroelectronics.X-CUBE-BLEMGR.3.1.0
2025-01-22 12:54:28,287 [WARN] PackLoader:240 - Cannot read IP mode file for STMicroelectronics.FP-SNS-SMARTAG2.1.2.0
2025-01-22 12:54:28,437 [INFO] WebApp:449 - Apply proxy settings
2025-01-22 12:54:28,476 [INFO] WebApp:534 - Chromium requires no authentication
2025-01-22 12:54:28,482 [WARN] PackLoader:240 - Cannot read IP mode file for STMicroelectronics.X-CUBE-MEMS1.11.1.0
2025-01-22 12:54:28,511 [INFO] WebApp:477 - Direct internet connection detected
2025-01-22 12:54:28,626 [INFO] WebApp:880 - Register for checkConnection events
2025-01-22 12:54:28,627 [INFO] WebApp:449 - Apply proxy settings
2025-01-22 12:54:28,627 [INFO] WebApp:534 - Chromium requires no authentication
2025-01-22 12:54:28,628 [INFO] WebApp:477 - Direct internet connection detected
2025-01-22 12:54:28,758 [INFO] LogOutputStream:77 - [STDOUT_REDIRECT] 1 : Invalid condition id : UX_CORESTACK_Condition cause : null
2025-01-22 12:54:28,759 [INFO] LogOutputStream:77 - [STDOUT_REDIRECT] 1 : Invalid condition id : UX_CORESTACK_Condition cause : null
2025-01-22 12:54:28,763 [INFO] LogOutputStream:77 - [STDOUT_REDIRECT] 1 : Invalid condition id : UX_CORESTACK_Condition cause : null
2025-01-22 12:54:28,765 [INFO] LogOutputStream:77 - [STDOUT_REDIRECT] 1 : Invalid condition id : UX_CORESTACK_Condition cause : null
2025-01-22 12:54:28,766 [INFO] LogOutputStream:77 - [STDOUT_REDIRECT] 1 : Invalid condition id : UX_CORESTACK_Condition cause : null
2025-01-22 12:54:28,770 [WARN] PackLoader:240 - Cannot read IP mode file for STMicroelectronics.X-CUBE-AZRTOS-WL.2.0.0
2025-01-22 12:54:28,799 [WARN] PackLoader:240 - Cannot read IP mode file for STMicroelectronics.FP-SNS-MOTENV1.5.0.0
2025-01-22 12:54:28,830 [WARN] PackLoader:240 - Cannot read IP mode file for wolfSSL.I-CUBE-wolfMQTT.1.19.0
2025-01-22 12:54:28,859 [WARN] PackLoader:240 - Cannot read IP mode file for WES.I-CUBE-Cesium.1.3.0
2025-01-22 12:54:28,888 [WARN] PackLoader:240 - Cannot read IP mode file for STMicroelectronics.X-CUBE-BLE2.3.3.0
2025-01-22 12:54:28,925 [WARN] PackLoader:240 - Cannot read IP mode file for STMicroelectronics.X-CUBE-NFC9.1.0.0
2025-01-22 12:54:28,963 [WARN] PackLoader:240 - Cannot read IP mode file for STMicroelectronics.X-CUBE-TCPP.4.1.0
2025-01-22 12:54:29,041 [WARN] PackLoader:240 - Cannot read IP mode file for STMicroelectronics.X-CUBE-AZRTOS-G0.1.1.0
2025-01-22 12:54:29,076 [WARN] PackLoader:240 - Cannot read IP mode file for STMicroelectronics.X-CUBE-SAFEA1.1.2.2
2025-01-22 12:54:29,130 [INFO] WebApp:187 - Connection restablished
2025-01-22 12:54:29,124 [INFO] WebApp:221 - Starting web application
2025-01-22 12:54:29,131 [INFO] WebApp:579 - Web application path used C:\ST\STM32CubeIDE_1.15.1\STM32CubeIDE\plugins\com.st.stm32cube.common.mx_6.13.0.202411220809\db\plugins\mcufinder\reactClient1\index.html
2025-01-22 12:54:29,134 [WARN] PackLoader:240 - Cannot read IP mode file for STMicroelectronics.X-CUBE-NFC4.3.0.0
2025-01-22 12:54:29,173 [WARN] PackLoader:240 - Cannot read IP mode file for EmbeddedOffice.I-CUBE-FS-RTOS.1.0.1
2025-01-22 12:54:29,202 [WARN] PackLoader:240 - Cannot read IP mode file for STMicroelectronics.X-CUBE-TCPP.4.2.0
2025-01-22 12:54:29,234 [WARN] PackLoader:240 - Cannot read IP mode file for RealThread.X-CUBE-RT-Thread_Nano.4.1.1
2025-01-22 12:54:29,259 [WARN] PackLoader:240 - Cannot read IP mode file for STMicroelectronics.FP-ATR-SIGFOX1.3.2.0
2025-01-22 12:54:29,284 [WARN] PackLoader:240 - Cannot read IP mode file for wolfSSL.I-CUBE-wolfSSL.5.7.2
2025-01-22 12:54:29,306 [WARN] ConditionMgr:438 - getConditionDescription Invalid condition id : Cortex-A Device cause : null
2025-01-22 12:54:29,353 [WARN] ConditionMgr:1044 - genDependencies : Invalid condition id : Cortex-A Device cause : null
2025-01-22 12:54:29,354 [WARN] ConditionMgr:1044 - genDependencies : Invalid condition id : Cortex-A Device cause : null
2025-01-22 12:54:29,354 [WARN] ConditionMgr:1044 - genDependencies : Invalid condition id : Cortex-A Device cause : null
2025-01-22 12:54:29,383 [WARN] PackLoader:240 - Cannot read IP mode file for STMicroelectronics.X-CUBE-EEPRMA1.5.1.0
2025-01-22 12:54:29,418 [WARN] PackLoader:240 - Cannot read IP mode file for ITTIA_DB.I-CUBE-ITTIADB.8.9.0
2025-01-22 12:54:29,503 [WARN] PackLoader:240 - Cannot read IP mode file for SEGGER.I-CUBE-embOS.1.3.1
2025-01-22 12:54:29,592 [WARN] PackLoader:240 - Cannot read IP mode file for STMicroelectronics.X-CUBE-ALGOBUILD.1.4.0
2025-01-22 12:54:29,621 [WARN] PackLoader:240 - Cannot read IP mode file for STMicroelectronics.X-CUBE-AI.9.1.0
2025-01-22 12:54:29,673 [WARN] PackLoader:240 - Cannot read IP mode file for STMicroelectronics.X-CUBE-AZRTOS-F4.1.1.0
2025-01-22 12:54:29,702 [WARN] PackLoader:240 - Cannot read IP mode file for STMicroelectronics.X-CUBE-ISPU.2.1.0
2025-01-22 12:54:29,728 [WARN] PackLoader:240 - Cannot read IP mode file for STMicroelectronics.X-CUBE-FREERTOS.1.2.0
2025-01-22 12:54:29,782 [WARN] PackLoader:240 - Cannot read IP mode file for STMicroelectronics.X-CUBE-AZRTOS-L5.2.0.0
2025-01-22 12:54:29,784 [INFO] UserAuth:486 - Internet connection configuration mode: 1
2025-01-22 12:54:29,820 [WARN] PackLoader:240 - Cannot read IP mode file for STMicroelectronics.X-CUBE-NFC6.3.1.0
2025-01-22 12:54:29,852 [WARN] PackLoader:240 - Cannot read IP mode file for STMicroelectronics.X-CUBE-DPower.1.2.0
2025-01-22 12:54:29,883 [WARN] PackLoader:240 - Cannot read IP mode file for STMicroelectronics.X-CUBE-AI.9.0.0
2025-01-22 12:54:29,925 [WARN] PackLoader:240 - Cannot read IP mode file for STMicroelectronics.X-CUBE-FREERTOS.1.3.0
2025-01-22 12:54:29,980 [WARN] PackLoader:240 - Cannot read IP mode file for STMicroelectronics.X-CUBE-NFC7.1.0.1
2025-01-22 12:54:30,050 [WARN] ConditionMgr:438 - getConditionDescription Invalid condition id : LAN8742 Phy interface Condition cause : null
2025-01-22 12:54:30,051 [WARN] PackLoader:240 - Cannot read IP mode file for STMicroelectronics.X-CUBE-AZRTOS-L4.2.0.0
2025-01-22 12:54:30,052 [WARN] ConditionMgr:1044 - genDependencies : Invalid condition id : LAN8742 Phy interface Condition cause : null
2025-01-22 12:54:30,053 [WARN] ConditionMgr:1044 - genDependencies : Invalid condition id : LAN8742 Phy interface Condition cause : null
2025-01-22 12:54:30,054 [WARN] ConditionMgr:1044 - genDependencies : Invalid condition id : LAN8742 Phy interface Condition cause : null
2025-01-22 12:54:30,086 [WARN] PackLoader:240 - Cannot read IP mode file for STMicroelectronics.X-CUBE-SFXS2LP1.4.0.0
2025-01-22 12:54:30,154 [WARN] PackLoader:240 - Cannot read IP mode file for STMicroelectronics.X-CUBE-AZRTOS-H7.3.3.0
2025-01-22 12:54:30,213 [WARN] PackLoader:240 - Cannot read IP mode file for STMicroelectronics.X-CUBE-IPS.3.0.0
2025-01-22 12:54:30,360 [WARN] ConditionMgr:438 - getConditionDescription Invalid condition id : UX DEVICE CLASS RTOS Condition cause : null
2025-01-22 12:54:30,360 [WARN] ConditionMgr:438 - getConditionDescription Invalid condition id : UX DEVICE CLASS RTOS Condition cause : null
2025-01-22 12:54:30,371 [WARN] PackLoader:240 - Cannot read IP mode file for STMicroelectronics.X-CUBE-AZRTOS-WB.2.0.0
2025-01-22 12:54:30,375 [WARN] ConditionMgr:1044 - genDependencies : Invalid condition id : UX DEVICE CLASS RTOS Condition cause : null
2025-01-22 12:54:30,375 [WARN] ConditionMgr:1044 - genDependencies : Invalid condition id : UX DEVICE CLASS RTOS Condition cause : null
2025-01-22 12:54:30,376 [WARN] ConditionMgr:1044 - genDependencies : Invalid condition id : UX DEVICE CLASS RTOS Condition cause : null
2025-01-22 12:54:30,376 [WARN] ConditionMgr:1044 - genDependencies : Invalid condition id : UX DEVICE CLASS RTOS Condition cause : null
2025-01-22 12:54:30,376 [WARN] ConditionMgr:1044 - genDependencies : Invalid condition id : UX DEVICE CLASS RTOS Condition cause : null
2025-01-22 12:54:30,455 [WARN] PackLoader:240 - Cannot read IP mode file for STMicroelectronics.X-CUBE-GNSS1.7.0.0
2025-01-22 12:54:30,525 [WARN] PackLoader:240 - Cannot read IP mode file for STMicroelectronics.X-CUBE-GNSS1.7.0.1
2025-01-22 12:54:30,574 [WARN] PackLoader:240 - Cannot read IP mode file for STMicroelectronics.FP-SNS-STBOX1.2.0.0
2025-01-22 12:54:30,746 [WARN] PackLoader:240 - Cannot read IP mode file for STMicroelectronics.X-CUBE-SUBG2.5.0.0
2025-01-22 12:54:31,012 [WARN] PackLoader:240 - Cannot read IP mode file for Cesanta.I-CUBE-Mongoose.7.13.0
2025-01-22 12:54:31,059 [WARN] PackLoader:240 - Cannot read IP mode file for STMicroelectronics.X-CUBE-AZRTOS-G4.2.0.0
2025-01-22 12:54:31,105 [WARN] PackLoader:240 - Cannot read IP mode file for STMicroelectronics.X-CUBE-ISPU.2.0.0
2025-01-22 12:54:31,193 [WARN] PackLoader:240 - Cannot read IP mode file for STMicroelectronics.X-CUBE-IPS.3.1.0
2025-01-22 12:54:31,331 [WARN] PackLoader:240 - Cannot read IP mode file for STMicroelectronics.X-CUBE-ALS.1.0.2
2025-01-22 12:54:31,398 [WARN] PackLoader:240 - Cannot read IP mode file for STMicroelectronics.X-CUBE-TOUCHGFX.4.24.0
2025-01-22 12:54:31,467 [WARN] PackLoader:240 - Cannot read IP mode file for STMicroelectronics.X-CUBE-TOUCHGFX.4.24.2
2025-01-22 12:54:31,571 [WARN] PackLoader:240 - Cannot read IP mode file for STMicroelectronics.X-CUBE-TOUCHGFX.4.24.1
2025-01-22 12:54:31,614 [WARN] PackLoader:240 - Cannot read IP mode file for wolfSSL.I-CUBE-wolfTPM.3.4.0
2025-01-22 12:54:31,657 [WARN] PackLoader:240 - Cannot read IP mode file for portGmbH.I-Cube-SoM-uGOAL.1.1.0
2025-01-22 12:54:31,755 [WARN] PackLoader:240 - Cannot read IP mode file for STMicroelectronics.X-CUBE-AZRTOS-H7RS.1.0.0
2025-01-22 12:54:31,777 [ERROR] LogOutputStream:75 - [STDERR_REDIRECT] 
2025-01-22 12:54:31,778 [ERROR] LogOutputStream:75 - [STDERR_REDIRECT] 
2025-01-22 13:02:32,697 [INFO] Activator:176 - 


2025-01-22 13:02:32,700 [INFO] Activator:177 - !SESSION log4j initialized
2025-01-22 13:02:42,084 [INFO] LogOutputStream:77 - [STDOUT_REDIRECT] 
2025-01-22 13:02:46,892 [INFO] ApplicationProperties:184 - Using Application install path: C:\ST\STM32CubeIDE_1.15.1\STM32CubeIDE\plugins\com.st.stm32cube.common.mx_6.13.0.202411220809
2025-01-22 13:02:46,915 [INFO] DbMcusXml:78 - Set database path to: C:\ST\STM32CubeIDE_1.15.1\STM32CubeIDE\plugins\com.st.stm32cube.common.mx_6.13.0.202411220809\\db\/mcu/
2025-01-22 13:02:46,915 [INFO] ApiDb:274 - Set plugin database path to: C:\ST\STM32CubeIDE_1.15.1\STM32CubeIDE\plugins\com.st.stm32cube.common.mx_6.13.0.202411220809\\db\/plugins/boardmanager/
2025-01-22 13:02:46,916 [WARN] ApiDb:259 - Overriding images path with different value:  => C:\ST\STM32CubeIDE_1.15.1\STM32CubeIDE\plugins\com.st.stm32cube.common.mx_6.13.0.202411220809\\db\/plugins/mcufinder/images/
2025-01-22 13:02:46,928 [INFO] ApiDb:250 - Set database path to: C:\Users\BacTV\.stmcufinder\plugins\mcufinder//mcu/
2025-01-22 13:02:46,930 [INFO] DbMcusAds:125 - Set database path to: C:\Users\BacTV\.stmcufinder\plugins\mcufinder//mcu/
2025-01-22 13:02:46,933 [INFO] CrossReferenceDbSqlite:203 - Set database path to: C:\Users\BacTV\.stmcufinder\plugins\mcufinder//mcu/cs/
2025-01-22 13:02:47,142 [INFO] RulesReader:64 - Compatibility file has been processed (297 Rules)
2025-01-22 13:02:47,399 [INFO] DbMcusXml:78 - Set database path to: C:\ST\STM32CubeIDE_1.15.1\STM32CubeIDE\plugins\com.st.stm32cube.common.mx_6.13.0.202411220809\\db\/mcu/
2025-01-22 13:02:47,400 [INFO] ApiDb:274 - Set plugin database path to: C:\ST\STM32CubeIDE_1.15.1\STM32CubeIDE\plugins\com.st.stm32cube.common.mx_6.13.0.202411220809\\db\/plugins/boardmanager/
2025-01-22 13:02:47,400 [INFO] ApiDb:261 - Set plugin images path to: C:\ST\STM32CubeIDE_1.15.1\STM32CubeIDE\plugins\com.st.stm32cube.common.mx_6.13.0.202411220809\\db\/plugins/mcufinder/images/
2025-01-22 13:02:47,401 [WARN] DbFile:41 - Overriding database path with different value: C:\Users\BacTV\.stmcufinder\plugins\mcufinder/ => C:\Users\BacTV\.stmcufinder\plugins\mcufinder
2025-01-22 13:02:47,401 [INFO] ApiDb:250 - Set database path to: C:\Users\BacTV\.stmcufinder\plugins\mcufinder//mcu/
2025-01-22 13:02:47,402 [WARN] DbFile:41 - Overriding database path with different value: C:\Users\BacTV\.stmcufinder\plugins\mcufinder/ => C:\Users\BacTV\.stmcufinder\plugins\mcufinder
2025-01-22 13:02:47,402 [INFO] DbMcusAds:125 - Set database path to: C:\Users\BacTV\.stmcufinder\plugins\mcufinder//mcu/
2025-01-22 13:02:47,402 [WARN] DbFile:41 - Overriding database path with different value: C:\Users\BacTV\.stmcufinder\plugins\mcufinder/ => C:\Users\BacTV\.stmcufinder\plugins\mcufinder
2025-01-22 13:02:47,402 [WARN] DbFile:41 - Overriding database path with different value: C:\Users\BacTV\.stmcufinder\plugins\mcufinder/ => C:\Users\BacTV\.stmcufinder\plugins\mcufinder
2025-01-22 13:02:47,403 [INFO] CrossReferenceDbSqlite:203 - Set database path to: C:\Users\BacTV\.stmcufinder\plugins\mcufinder//mcu/cs/
2025-01-22 13:02:47,636 [INFO] MainPanel:272 - HeapMemory: 268435456
2025-01-22 13:02:47,978 [INFO] DbMcusXml:78 - Set database path to: C:\ST\STM32CubeIDE_1.15.1\STM32CubeIDE\plugins\com.st.stm32cube.common.mx_6.13.0.202411220809\\db\/mcu/
2025-01-22 13:02:47,978 [INFO] ApiDb:274 - Set plugin database path to: C:\ST\STM32CubeIDE_1.15.1\STM32CubeIDE\plugins\com.st.stm32cube.common.mx_6.13.0.202411220809\\db\/plugins/boardmanager/
2025-01-22 13:02:47,978 [INFO] ApiDb:261 - Set plugin images path to: C:\ST\STM32CubeIDE_1.15.1\STM32CubeIDE\plugins\com.st.stm32cube.common.mx_6.13.0.202411220809\\db\/plugins/mcufinder/images/
2025-01-22 13:02:47,979 [WARN] DbFile:41 - Overriding database path with different value: C:\Users\BacTV\.stmcufinder\plugins\mcufinder/ => C:\Users\BacTV\.stmcufinder\plugins\mcufinder
2025-01-22 13:02:47,980 [INFO] ApiDb:250 - Set database path to: C:\Users\BacTV\.stmcufinder\plugins\mcufinder//mcu/
2025-01-22 13:02:47,980 [WARN] DbFile:41 - Overriding database path with different value: C:\Users\BacTV\.stmcufinder\plugins\mcufinder/ => C:\Users\BacTV\.stmcufinder\plugins\mcufinder
2025-01-22 13:02:47,980 [INFO] DbMcusAds:125 - Set database path to: C:\Users\BacTV\.stmcufinder\plugins\mcufinder//mcu/
2025-01-22 13:02:47,981 [WARN] DbFile:41 - Overriding database path with different value: C:\Users\BacTV\.stmcufinder\plugins\mcufinder/ => C:\Users\BacTV\.stmcufinder\plugins\mcufinder
2025-01-22 13:02:47,981 [WARN] DbFile:41 - Overriding database path with different value: C:\Users\BacTV\.stmcufinder\plugins\mcufinder/ => C:\Users\BacTV\.stmcufinder\plugins\mcufinder
2025-01-22 13:02:47,982 [INFO] CrossReferenceDbSqlite:203 - Set database path to: C:\Users\BacTV\.stmcufinder\plugins\mcufinder//mcu/cs/
2025-01-22 13:02:48,046 [INFO] ApplicationProperties:184 - Using Application install path: C:\ST\STM32CubeIDE_1.15.1\STM32CubeIDE\plugins\com.st.stm32cube.common.mx_6.13.0.202411220809
2025-01-22 13:02:48,052 [INFO] PluginManage:196 - Search for loadable plugins [exclusion list=, ]
2025-01-22 13:02:48,057 [INFO] PluginManage:310 - Check plugin analytics
2025-01-22 13:02:48,676 [INFO] AnalyticsPlugin:253 - Accepted Software Licenses: 
2025-01-22 13:02:48,677 [INFO] AnalyticsPlugin:255 - Accepted CMSIS Pack Licenses: 
2025-01-22 13:02:48,678 [INFO] AnalyticsPlugin:257 - Accepted Firmware Licenses: 
2025-01-22 13:02:48,686 [INFO] PluginManage:359 - Loaded plugin analytics (category:tool,tabindex:-1)
2025-01-22 13:02:48,687 [INFO] PluginManage:310 - Check plugin cadmodel
2025-01-22 13:02:48,731 [INFO] CADModel:105 - Init CAD model plugin
2025-01-22 13:02:48,731 [INFO] PluginManage:359 - Loaded plugin cadmodel (category:power,tabindex:5)
2025-01-22 13:02:48,732 [INFO] PluginManage:310 - Check plugin clock
2025-01-22 13:02:48,774 [INFO] PluginManage:359 - Loaded plugin clock (category:base,tabindex:2)
2025-01-22 13:02:48,774 [INFO] PluginManage:310 - Check plugin ddr
2025-01-22 13:02:48,782 [INFO] PluginManage:359 - Loaded plugin ddr (category:tool,tabindex:6)
2025-01-22 13:02:48,783 [INFO] PluginManage:310 - Check plugin filemanager
2025-01-22 13:02:49,338 [INFO] PluginManage:359 - Loaded plugin filemanager (category:base,tabindex:10)
2025-01-22 13:02:49,338 [INFO] PluginManage:310 - Check plugin ipmanager
2025-01-22 13:02:49,360 [INFO] PluginManage:359 - Loaded plugin ipmanager (category:base,tabindex:5)
2025-01-22 13:02:49,361 [INFO] PluginManage:310 - Check plugin lpbam
2025-01-22 13:02:49,401 [INFO] PluginManage:359 - Loaded plugin lpbam (category:base,tabindex:0)
2025-01-22 13:02:49,402 [INFO] PluginManage:310 - Check plugin memorymap
2025-01-22 13:02:49,471 [INFO] PluginManage:359 - Loaded plugin memorymap (category:base,tabindex:4)
2025-01-22 13:02:49,472 [INFO] PluginManage:310 - Check plugin pinoutandconfiguration
2025-01-22 13:02:49,530 [INFO] PluginManage:359 - Loaded plugin pinoutandconfiguration (category:base,tabindex:1)
2025-01-22 13:02:49,530 [INFO] PluginManage:310 - Check plugin pinoutconfig
2025-01-22 13:02:49,867 [WARN] SupportedApi:132 - Cannot load RTOS API schema: s4s-elt-must-match.1: The content of 'definitions' must match (annotation?, (simpleType | complexType)?, (unique | key | keyref)*)). A problem was found starting at: attribute.
2025-01-22 13:02:50,316 [INFO] PluginManage:359 - Loaded plugin pinoutconfig (category:base,tabindex:0)
2025-01-22 13:02:50,316 [INFO] PluginManage:310 - Check plugin power
2025-01-22 13:02:50,371 [INFO] PluginManage:359 - Loaded plugin power (category:power,tabindex:4)
2025-01-22 13:02:50,372 [INFO] PluginManage:310 - Check plugin projectmanager
2025-01-22 13:02:50,423 [INFO] PluginManage:359 - Loaded plugin projectmanager (category:projectmanager,tabindex:4)
2025-01-22 13:02:50,423 [INFO] PluginManage:310 - Check plugin rif
2025-01-22 13:02:50,484 [INFO] PluginManage:359 - Loaded plugin rif (category:base,tabindex:3)
2025-01-22 13:02:50,523 [INFO] PluginManage:310 - Check plugin thirdparty
2025-01-22 13:02:51,301 [INFO] PluginManage:359 - Loaded plugin thirdparty (category:base,tabindex:-1)
2025-01-22 13:02:51,300 [WARN] IntegrityCheckThread:84 - waiting for thirdparty lock release [integrity check]
2025-01-22 13:02:51,301 [INFO] PluginManage:310 - Check plugin tools
2025-01-22 13:02:51,302 [INFO] IntegrityCheckThread:86 - entering critical section [integrity check]
2025-01-22 13:02:51,303 [INFO] ThirdPartyUpdaterWithRetryManager:70 - Updater plugin not ready yet. [1/15]
2025-01-22 13:02:51,375 [INFO] PluginManage:359 - Loaded plugin tools (category:base,tabindex:7)
2025-01-22 13:02:51,376 [INFO] PluginManage:310 - Check plugin tutovideos
2025-01-22 13:02:52,017 [INFO] PluginManage:359 - Loaded plugin tutovideos (category:base,tabindex:-1)
2025-01-22 13:02:52,018 [INFO] PluginManage:310 - Check plugin updater
2025-01-22 13:02:52,091 [INFO] PluginManage:359 - Loaded plugin updater (category:base,tabindex:12)
2025-01-22 13:02:52,092 [INFO] PluginManage:310 - Check plugin userauth
2025-01-22 13:02:52,105 [INFO] UserAuth:118 - Init User Auth plugin
2025-01-22 13:02:52,108 [INFO] PluginManage:359 - Loaded plugin userauth (category:base,tabindex:14)
2025-01-22 13:02:52,110 [INFO] PluginManage:283 - PluginManage : Loaded plugins [18]
2025-01-22 13:02:52,811 [INFO] PinOutPanel:1589 - setPackage(No Configuration,No Configuration)
2025-01-22 13:02:53,164 [INFO] CADModel:165 - CPN selected for project level
2025-01-22 13:02:53,164 [INFO] CADModel:114 - Register for checkConnection events
2025-01-22 13:02:53,245 [INFO] IPUIPlugin:80 - create IPUIPlugin
2025-01-22 13:02:53,251 [INFO] PluginManager:220 - loadIPPluginJar : add adc
2025-01-22 13:02:53,318 [INFO] IPUIPlugin:80 - create IPUIPlugin
2025-01-22 13:02:53,319 [INFO] PluginManager:220 - loadIPPluginJar : add aes
2025-01-22 13:02:53,405 [INFO] IPUIPlugin:80 - create IPUIPlugin
2025-01-22 13:02:53,405 [INFO] PluginManager:220 - loadIPPluginJar : add can
2025-01-22 13:02:53,520 [INFO] IPUIPlugin:80 - create IPUIPlugin
2025-01-22 13:02:53,521 [INFO] PluginManager:220 - loadIPPluginJar : add comp
2025-01-22 13:02:53,683 [INFO] IPUIPlugin:80 - create IPUIPlugin
2025-01-22 13:02:53,683 [INFO] PluginManager:220 - loadIPPluginJar : add cryp
2025-01-22 13:02:53,737 [INFO] IPUIPlugin:80 - create IPUIPlugin
2025-01-22 13:02:53,737 [INFO] PluginManager:220 - loadIPPluginJar : add ddr_ctrl_phy
2025-01-22 13:02:53,838 [INFO] IPUIPlugin:80 - create IPUIPlugin
2025-01-22 13:02:53,838 [INFO] PluginManager:220 - loadIPPluginJar : add dfsdm
2025-01-22 13:02:53,904 [INFO] IPUIPlugin:80 - create IPUIPlugin
2025-01-22 13:02:53,905 [INFO] PluginManager:220 - loadIPPluginJar : add dma
2025-01-22 13:02:54,077 [INFO] IPUIPlugin:80 - create IPUIPlugin
2025-01-22 13:02:54,078 [INFO] PluginManager:220 - loadIPPluginJar : add dma3
2025-01-22 13:02:54,184 [INFO] IPUIPlugin:80 - create IPUIPlugin
2025-01-22 13:02:54,185 [INFO] PluginManager:220 - loadIPPluginJar : add extmemmanager
2025-01-22 13:02:54,218 [INFO] IPUIPlugin:80 - create IPUIPlugin
2025-01-22 13:02:54,218 [INFO] PluginManager:220 - loadIPPluginJar : add fatfs
2025-01-22 13:02:54,305 [INFO] ThirdPartyUpdaterWithRetryManager:70 - Updater plugin not ready yet. [2/15]
2025-01-22 13:02:54,339 [INFO] IPUIPlugin:80 - create IPUIPlugin
2025-01-22 13:02:54,340 [INFO] PluginManager:220 - loadIPPluginJar : add fmc
2025-01-22 13:02:54,393 [INFO] IPUIPlugin:80 - create IPUIPlugin
2025-01-22 13:02:54,394 [INFO] PluginManager:220 - loadIPPluginJar : add freertos
2025-01-22 13:02:54,428 [INFO] IPUIPlugin:80 - create IPUIPlugin
2025-01-22 13:02:54,428 [INFO] PluginManager:220 - loadIPPluginJar : add genericplugin
2025-01-22 13:02:54,637 [INFO] IPUIPlugin:80 - create IPUIPlugin
2025-01-22 13:02:54,638 [INFO] PluginManager:220 - loadIPPluginJar : add gfxmmu
2025-01-22 13:02:55,279 [INFO] IPUIPlugin:80 - create IPUIPlugin
2025-01-22 13:02:55,280 [INFO] PluginManager:220 - loadIPPluginJar : add gic
2025-01-22 13:02:55,342 [INFO] IPUIPlugin:80 - create IPUIPlugin
2025-01-22 13:02:55,342 [INFO] PluginManager:220 - loadIPPluginJar : add gpio
2025-01-22 13:02:55,710 [INFO] IPUIPlugin:80 - create IPUIPlugin
2025-01-22 13:02:55,711 [INFO] PluginManager:220 - loadIPPluginJar : add gtzc
2025-01-22 13:02:55,756 [INFO] IPUIPlugin:80 - create IPUIPlugin
2025-01-22 13:02:55,757 [INFO] PluginManager:220 - loadIPPluginJar : add hash
2025-01-22 13:02:55,951 [INFO] IPUIPlugin:80 - create IPUIPlugin
2025-01-22 13:02:55,977 [INFO] PluginManager:220 - loadIPPluginJar : add i2c
2025-01-22 13:02:56,071 [INFO] IPUIPlugin:80 - create IPUIPlugin
2025-01-22 13:02:56,072 [INFO] PluginManager:220 - loadIPPluginJar : add i2s
2025-01-22 13:02:56,269 [INFO] IPUIPlugin:80 - create IPUIPlugin
2025-01-22 13:02:56,269 [INFO] PluginManager:220 - loadIPPluginJar : add i3c
2025-01-22 13:02:56,711 [INFO] IPUIPlugin:80 - create IPUIPlugin
2025-01-22 13:02:56,711 [INFO] PluginManager:220 - loadIPPluginJar : add ipddr
2025-01-22 13:02:57,021 [INFO] IPUIPlugin:80 - create IPUIPlugin
2025-01-22 13:02:57,022 [INFO] PluginManager:220 - loadIPPluginJar : add linkedlist
2025-01-22 13:02:57,119 [INFO] IPUIPlugin:80 - create IPUIPlugin
2025-01-22 13:02:57,119 [INFO] PluginManager:220 - loadIPPluginJar : add lorawan
2025-01-22 13:02:57,303 [INFO] IPUIPlugin:80 - create IPUIPlugin
2025-01-22 13:02:57,307 [INFO] ThirdPartyUpdaterWithRetryManager:70 - Updater plugin not ready yet. [3/15]
2025-01-22 13:02:57,334 [INFO] PluginManager:220 - loadIPPluginJar : add ltdc
2025-01-22 13:02:57,376 [INFO] IPUIPlugin:80 - create IPUIPlugin
2025-01-22 13:02:57,377 [INFO] PluginManager:220 - loadIPPluginJar : add mdma
2025-01-22 13:02:57,423 [INFO] IPUIPlugin:80 - create IPUIPlugin
2025-01-22 13:02:57,423 [INFO] PluginManager:220 - loadIPPluginJar : add nvic
2025-01-22 13:02:57,579 [INFO] IPUIPlugin:80 - create IPUIPlugin
2025-01-22 13:02:57,579 [INFO] PluginManager:220 - loadIPPluginJar : add opamp
2025-01-22 13:02:57,866 [INFO] IPUIPlugin:80 - create IPUIPlugin
2025-01-22 13:02:57,866 [INFO] PluginManager:220 - loadIPPluginJar : add openamp
2025-01-22 13:02:57,960 [INFO] IPUIPlugin:80 - create IPUIPlugin
2025-01-22 13:02:57,961 [INFO] PluginManager:220 - loadIPPluginJar : add pdm2pcm
2025-01-22 13:02:57,997 [INFO] IPUIPlugin:80 - create IPUIPlugin
2025-01-22 13:02:58,005 [INFO] PluginManager:220 - loadIPPluginJar : add plateformsettings
2025-01-22 13:02:58,112 [INFO] IPUIPlugin:80 - create IPUIPlugin
2025-01-22 13:02:58,112 [INFO] PluginManager:220 - loadIPPluginJar : add quadspi
2025-01-22 13:02:58,227 [INFO] IPUIPlugin:80 - create IPUIPlugin
2025-01-22 13:02:58,229 [INFO] PluginManager:220 - loadIPPluginJar : add radio
2025-01-22 13:02:58,254 [INFO] IPUIPlugin:80 - create IPUIPlugin
2025-01-22 13:02:58,255 [INFO] PluginManager:220 - loadIPPluginJar : add resmgrutility
2025-01-22 13:02:58,379 [INFO] IPUIPlugin:80 - create IPUIPlugin
2025-01-22 13:02:58,379 [INFO] PluginManager:220 - loadIPPluginJar : add sai
2025-01-22 13:02:58,559 [INFO] IPUIPlugin:80 - create IPUIPlugin
2025-01-22 13:02:58,559 [INFO] PluginManager:220 - loadIPPluginJar : add spi
2025-01-22 13:02:58,881 [INFO] IPUIPlugin:80 - create IPUIPlugin
2025-01-22 13:02:58,882 [INFO] PluginManager:220 - loadIPPluginJar : add stm32_wpan
2025-01-22 13:02:58,940 [INFO] IPUIPlugin:80 - create IPUIPlugin
2025-01-22 13:02:58,940 [INFO] PluginManager:220 - loadIPPluginJar : add tim
2025-01-22 13:02:59,224 [INFO] IPUIPlugin:80 - create IPUIPlugin
2025-01-22 13:02:59,224 [INFO] PluginManager:220 - loadIPPluginJar : add touchsensing
2025-01-22 13:02:59,269 [INFO] IPUIPlugin:80 - create IPUIPlugin
2025-01-22 13:02:59,270 [INFO] PluginManager:220 - loadIPPluginJar : add tracer_emb
2025-01-22 13:02:59,382 [INFO] IPUIPlugin:80 - create IPUIPlugin
2025-01-22 13:02:59,382 [INFO] PluginManager:220 - loadIPPluginJar : add ts
2025-01-22 13:02:59,462 [INFO] IPUIPlugin:80 - create IPUIPlugin
2025-01-22 13:02:59,462 [INFO] PluginManager:220 - loadIPPluginJar : add tsc
2025-01-22 13:02:59,566 [INFO] IPUIPlugin:80 - create IPUIPlugin
2025-01-22 13:02:59,567 [INFO] PluginManager:220 - loadIPPluginJar : add ucpd
2025-01-22 13:02:59,740 [INFO] IPUIPlugin:80 - create IPUIPlugin
2025-01-22 13:02:59,740 [INFO] PluginManager:220 - loadIPPluginJar : add usart
2025-01-22 13:02:59,897 [INFO] IPUIPlugin:80 - create IPUIPlugin
2025-01-22 13:02:59,897 [INFO] PluginManager:220 - loadIPPluginJar : add usbx
2025-01-22 13:03:00,193 [FATAL] Updater:351 - Updater called before beeing initialized
2025-01-22 13:03:00,301 [INFO] RulesReader:64 - Compatibility file has been processed (297 Rules)
2025-01-22 13:03:00,335 [INFO] ThirdPartyUpdaterWithRetryManager:70 - Updater plugin not ready yet. [4/15]
2025-01-22 13:03:00,346 [INFO] RulesReader:64 - Compatibility file has been processed (297 Rules)
2025-01-22 13:03:00,366 [INFO] CADModel:165 - CPN selected for project level
2025-01-22 13:03:00,366 [INFO] CADModel:114 - Register for checkConnection events
2025-01-22 13:03:00,367 [FATAL] Updater:351 - Updater called before beeing initialized
2025-01-22 13:03:00,367 [ERROR] CADModel:125 - Updater not yet initialized, retry later 
2025-01-22 13:03:00,912 [FATAL] Updater:351 - Updater called before beeing initialized
2025-01-22 13:03:00,917 [INFO] CADModel:165 - CPN selected for project level
2025-01-22 13:03:00,918 [INFO] CADModel:114 - Register for checkConnection events
2025-01-22 13:03:00,918 [FATAL] Updater:351 - Updater called before beeing initialized
2025-01-22 13:03:00,918 [ERROR] CADModel:125 - Updater not yet initialized, retry later 
2025-01-22 13:03:00,929 [FATAL] Updater:351 - Updater called before beeing initialized
2025-01-22 13:03:01,295 [FATAL] Updater:351 - Updater called before beeing initialized
2025-01-22 13:03:01,324 [INFO] DbMcusAds:53 - JSON generation date=Tue Dec 17 23:01:15 ICT 2024 (1734451275143)
2025-01-22 13:03:01,324 [FATAL] Updater:351 - Updater called before beeing initialized
2025-01-22 13:03:01,474 [WARN] DetailPanel:346 - Failed to get advertising image, set to default
2025-01-22 13:03:02,616 [FATAL] Updater:351 - Updater called before beeing initialized
2025-01-22 13:03:02,623 [FATAL] Updater:351 - Updater called before beeing initialized
2025-01-22 13:03:02,624 [FATAL] Updater:351 - Updater called before beeing initialized
2025-01-22 13:03:02,624 [WARN] DetailPanel:346 - Failed to get advertising image, set to default
2025-01-22 13:03:02,627 [FATAL] Updater:351 - Updater called before beeing initialized
2025-01-22 13:03:02,825 [ERROR] Updater:1198 - MainUpdater not yet initialized. External WinMGr cannot be set.
2025-01-22 13:03:02,849 [INFO] Updater:1134 - Updater Version found : 6.13.0
2025-01-22 13:03:02,906 [INFO] ApplicationProperties:184 - Using Application install path: C:\ST\STM32CubeIDE_1.15.1\STM32CubeIDE\plugins\com.st.stm32cube.common.mx_6.13.0.202411220809
2025-01-22 13:03:03,336 [FATAL] Updater:351 - Updater called before beeing initialized
2025-01-22 13:03:03,337 [ERROR] IntegrityCheckThread:130 - Cannot retrieve database content from updater: error 21
2025-01-22 13:03:03,338 [INFO] ThirdParty:978 - Integrity check success = false
2025-01-22 13:03:03,338 [INFO] IntegrityCheckThread:100 - exiting critical section [integrity check]
2025-01-22 13:03:03,339 [INFO] IntegrityCheckThread:103 - End integrity checks thread
2025-01-22 13:03:04,553 [ERROR] LogOutputStream:75 - [STDERR_REDIRECT] Jan 22, 2025 1:03:04 PM java.util.prefs.WindowsPreferences <init>
2025-01-22 13:03:04,561 [ERROR] LogOutputStream:75 - [STDERR_REDIRECT] WARNING: Could not open/create prefs root node Software\JavaSoft\Prefs at root 0xffffffff80000002. Windows RegCreateKeyEx(...) returned error code 5.
2025-01-22 13:03:04,566 [ERROR] LogOutputStream:75 - [STDERR_REDIRECT] 
2025-01-22 13:03:05,795 [INFO] MainUpdater:2872 - connection check result : 10
2025-01-22 13:03:05,798 [INFO] MainUpdater:289 - Updater Check For Update Now.
2025-01-22 13:03:05,798 [INFO] MicroXplorer:498 - Change Database Version : DB.6.0.130
2025-01-22 13:03:05,833 [INFO] McuFinderGlobals:63 - Set McuFinder mode to 2 (CubeIDE integrated)
2025-01-22 13:03:05,851 [INFO] UserAuth:486 - Internet connection configuration mode: 1
2025-01-22 13:03:05,927 [INFO] JxBrowserEngine:152 - Initiate JxBrowser Engine with user profile folder
2025-01-22 13:03:06,394 [INFO] CheckServerUpdateThread:120 - End of CheckServer Thread
2025-01-22 13:03:08,455 [INFO] WebApp:168 - Instantiating new browser for Auth
2025-01-22 13:03:10,181 [INFO] WebApp:449 - Apply proxy settings
2025-01-22 13:03:10,182 [INFO] WebApp:534 - Chromium requires no authentication
2025-01-22 13:03:10,225 [INFO] WebApp:477 - Direct internet connection detected
2025-01-22 13:03:10,321 [INFO] WebApp:880 - Register for checkConnection events
2025-01-22 13:03:10,321 [INFO] WebApp:449 - Apply proxy settings
2025-01-22 13:03:10,321 [INFO] WebApp:534 - Chromium requires no authentication
2025-01-22 13:03:10,323 [INFO] WebApp:477 - Direct internet connection detected
2025-01-22 13:03:10,851 [INFO] WebApp:187 - Connection restablished
2025-01-22 13:03:10,942 [INFO] WebApp:221 - Starting web application
2025-01-22 13:03:10,942 [INFO] WebApp:579 - Web application path used C:\ST\STM32CubeIDE_1.15.1\STM32CubeIDE\plugins\com.st.stm32cube.common.mx_6.13.0.202411220809\db\plugins\mcufinder\reactClient1\index.html
2025-01-22 13:03:11,327 [INFO] UserAuth:486 - Internet connection configuration mode: 1
2025-01-22 13:07:49,119 [INFO] WebApp:190 - Connection lost
2025-01-22 13:07:49,523 [INFO] WebApp:187 - Connection restablished
2025-01-22 13:07:51,387 [INFO] WebApp:190 - Connection lost
2025-01-22 13:07:51,534 [INFO] WebApp:187 - Connection restablished
2025-01-22 13:07:54,386 [INFO] WebApp:190 - Connection lost
2025-01-22 13:07:55,605 [INFO] WebApp:187 - Connection restablished
2025-01-22 13:08:05,975 [ERROR] LogOutputStream:75 - [STDERR_REDIRECT] 
2025-01-22 13:08:05,977 [ERROR] LogOutputStream:75 - [STDERR_REDIRECT] 
2025-01-22 21:52:32,117 [INFO] Activator:176 - 


2025-01-22 21:52:32,123 [INFO] Activator:177 - !SESSION log4j initialized
2025-01-22 21:52:43,849 [INFO] LogOutputStream:77 - [STDOUT_REDIRECT] 
2025-01-22 21:52:47,806 [INFO] ApplicationProperties:184 - Using Application install path: C:\ST\STM32CubeIDE_1.15.1\STM32CubeIDE\plugins\com.st.stm32cube.common.mx_6.13.0.202411220809
2025-01-22 21:52:47,852 [INFO] DbMcusXml:78 - Set database path to: C:\ST\STM32CubeIDE_1.15.1\STM32CubeIDE\plugins\com.st.stm32cube.common.mx_6.13.0.202411220809\\db\/mcu/
2025-01-22 21:52:47,853 [INFO] ApiDb:274 - Set plugin database path to: C:\ST\STM32CubeIDE_1.15.1\STM32CubeIDE\plugins\com.st.stm32cube.common.mx_6.13.0.202411220809\\db\/plugins/boardmanager/
2025-01-22 21:52:47,853 [WARN] ApiDb:259 - Overriding images path with different value:  => C:\ST\STM32CubeIDE_1.15.1\STM32CubeIDE\plugins\com.st.stm32cube.common.mx_6.13.0.202411220809\\db\/plugins/mcufinder/images/
2025-01-22 21:52:47,871 [INFO] ApiDb:250 - Set database path to: C:\Users\BacTV\.stmcufinder\plugins\mcufinder//mcu/
2025-01-22 21:52:47,873 [INFO] DbMcusAds:125 - Set database path to: C:\Users\BacTV\.stmcufinder\plugins\mcufinder//mcu/
2025-01-22 21:52:47,879 [INFO] CrossReferenceDbSqlite:203 - Set database path to: C:\Users\BacTV\.stmcufinder\plugins\mcufinder//mcu/cs/
2025-01-22 21:52:48,150 [INFO] RulesReader:64 - Compatibility file has been processed (297 Rules)
2025-01-22 21:52:48,343 [INFO] DbMcusXml:78 - Set database path to: C:\ST\STM32CubeIDE_1.15.1\STM32CubeIDE\plugins\com.st.stm32cube.common.mx_6.13.0.202411220809\\db\/mcu/
2025-01-22 21:52:48,343 [INFO] ApiDb:274 - Set plugin database path to: C:\ST\STM32CubeIDE_1.15.1\STM32CubeIDE\plugins\com.st.stm32cube.common.mx_6.13.0.202411220809\\db\/plugins/boardmanager/
2025-01-22 21:52:48,345 [INFO] ApiDb:261 - Set plugin images path to: C:\ST\STM32CubeIDE_1.15.1\STM32CubeIDE\plugins\com.st.stm32cube.common.mx_6.13.0.202411220809\\db\/plugins/mcufinder/images/
2025-01-22 21:52:48,347 [WARN] DbFile:41 - Overriding database path with different value: C:\Users\BacTV\.stmcufinder\plugins\mcufinder/ => C:\Users\BacTV\.stmcufinder\plugins\mcufinder
2025-01-22 21:52:48,349 [INFO] ApiDb:250 - Set database path to: C:\Users\BacTV\.stmcufinder\plugins\mcufinder//mcu/
2025-01-22 21:52:48,349 [WARN] DbFile:41 - Overriding database path with different value: C:\Users\BacTV\.stmcufinder\plugins\mcufinder/ => C:\Users\BacTV\.stmcufinder\plugins\mcufinder
2025-01-22 21:52:48,349 [INFO] DbMcusAds:125 - Set database path to: C:\Users\BacTV\.stmcufinder\plugins\mcufinder//mcu/
2025-01-22 21:52:48,349 [WARN] DbFile:41 - Overriding database path with different value: C:\Users\BacTV\.stmcufinder\plugins\mcufinder/ => C:\Users\BacTV\.stmcufinder\plugins\mcufinder
2025-01-22 21:52:48,349 [WARN] DbFile:41 - Overriding database path with different value: C:\Users\BacTV\.stmcufinder\plugins\mcufinder/ => C:\Users\BacTV\.stmcufinder\plugins\mcufinder
2025-01-22 21:52:48,349 [INFO] CrossReferenceDbSqlite:203 - Set database path to: C:\Users\BacTV\.stmcufinder\plugins\mcufinder//mcu/cs/
2025-01-22 21:52:48,511 [INFO] MainPanel:272 - HeapMemory: 268435456
2025-01-22 21:52:48,750 [INFO] DbMcusXml:78 - Set database path to: C:\ST\STM32CubeIDE_1.15.1\STM32CubeIDE\plugins\com.st.stm32cube.common.mx_6.13.0.202411220809\\db\/mcu/
2025-01-22 21:52:48,750 [INFO] ApiDb:274 - Set plugin database path to: C:\ST\STM32CubeIDE_1.15.1\STM32CubeIDE\plugins\com.st.stm32cube.common.mx_6.13.0.202411220809\\db\/plugins/boardmanager/
2025-01-22 21:52:48,751 [INFO] ApiDb:261 - Set plugin images path to: C:\ST\STM32CubeIDE_1.15.1\STM32CubeIDE\plugins\com.st.stm32cube.common.mx_6.13.0.202411220809\\db\/plugins/mcufinder/images/
2025-01-22 21:52:48,752 [WARN] DbFile:41 - Overriding database path with different value: C:\Users\BacTV\.stmcufinder\plugins\mcufinder/ => C:\Users\BacTV\.stmcufinder\plugins\mcufinder
2025-01-22 21:52:48,752 [INFO] ApiDb:250 - Set database path to: C:\Users\BacTV\.stmcufinder\plugins\mcufinder//mcu/
2025-01-22 21:52:48,752 [WARN] DbFile:41 - Overriding database path with different value: C:\Users\BacTV\.stmcufinder\plugins\mcufinder/ => C:\Users\BacTV\.stmcufinder\plugins\mcufinder
2025-01-22 21:52:48,752 [INFO] DbMcusAds:125 - Set database path to: C:\Users\BacTV\.stmcufinder\plugins\mcufinder//mcu/
2025-01-22 21:52:48,753 [WARN] DbFile:41 - Overriding database path with different value: C:\Users\BacTV\.stmcufinder\plugins\mcufinder/ => C:\Users\BacTV\.stmcufinder\plugins\mcufinder
2025-01-22 21:52:48,753 [WARN] DbFile:41 - Overriding database path with different value: C:\Users\BacTV\.stmcufinder\plugins\mcufinder/ => C:\Users\BacTV\.stmcufinder\plugins\mcufinder
2025-01-22 21:52:48,753 [INFO] CrossReferenceDbSqlite:203 - Set database path to: C:\Users\BacTV\.stmcufinder\plugins\mcufinder//mcu/cs/
2025-01-22 21:52:48,797 [INFO] ApplicationProperties:184 - Using Application install path: C:\ST\STM32CubeIDE_1.15.1\STM32CubeIDE\plugins\com.st.stm32cube.common.mx_6.13.0.202411220809
2025-01-22 21:52:48,800 [INFO] PluginManage:196 - Search for loadable plugins [exclusion list=, ]
2025-01-22 21:52:48,802 [INFO] PluginManage:310 - Check plugin analytics
2025-01-22 21:52:49,143 [INFO] AnalyticsPlugin:253 - Accepted Software Licenses: 
2025-01-22 21:52:49,144 [INFO] AnalyticsPlugin:255 - Accepted CMSIS Pack Licenses: 
2025-01-22 21:52:49,144 [INFO] AnalyticsPlugin:257 - Accepted Firmware Licenses: 
2025-01-22 21:52:49,145 [INFO] PluginManage:359 - Loaded plugin analytics (category:tool,tabindex:-1)
2025-01-22 21:52:49,145 [INFO] PluginManage:310 - Check plugin cadmodel
2025-01-22 21:52:49,175 [INFO] CADModel:105 - Init CAD model plugin
2025-01-22 21:52:49,175 [INFO] PluginManage:359 - Loaded plugin cadmodel (category:power,tabindex:5)
2025-01-22 21:52:49,176 [INFO] PluginManage:310 - Check plugin clock
2025-01-22 21:52:49,213 [INFO] PluginManage:359 - Loaded plugin clock (category:base,tabindex:2)
2025-01-22 21:52:49,214 [INFO] PluginManage:310 - Check plugin ddr
2025-01-22 21:52:49,219 [INFO] PluginManage:359 - Loaded plugin ddr (category:tool,tabindex:6)
2025-01-22 21:52:49,220 [INFO] PluginManage:310 - Check plugin filemanager
2025-01-22 21:52:49,496 [INFO] PluginManage:359 - Loaded plugin filemanager (category:base,tabindex:10)
2025-01-22 21:52:49,497 [INFO] PluginManage:310 - Check plugin ipmanager
2025-01-22 21:52:49,512 [INFO] PluginManage:359 - Loaded plugin ipmanager (category:base,tabindex:5)
2025-01-22 21:52:49,512 [INFO] PluginManage:310 - Check plugin lpbam
2025-01-22 21:52:49,541 [INFO] PluginManage:359 - Loaded plugin lpbam (category:base,tabindex:0)
2025-01-22 21:52:49,542 [INFO] PluginManage:310 - Check plugin memorymap
2025-01-22 21:52:49,587 [INFO] PluginManage:359 - Loaded plugin memorymap (category:base,tabindex:4)
2025-01-22 21:52:49,588 [INFO] PluginManage:310 - Check plugin pinoutandconfiguration
2025-01-22 21:52:49,625 [INFO] PluginManage:359 - Loaded plugin pinoutandconfiguration (category:base,tabindex:1)
2025-01-22 21:52:49,626 [INFO] PluginManage:310 - Check plugin pinoutconfig
2025-01-22 21:52:49,823 [WARN] SupportedApi:132 - Cannot load RTOS API schema: s4s-elt-must-match.1: The content of 'definitions' must match (annotation?, (simpleType | complexType)?, (unique | key | keyref)*)). A problem was found starting at: attribute.
2025-01-22 21:52:50,096 [INFO] PluginManage:359 - Loaded plugin pinoutconfig (category:base,tabindex:0)
2025-01-22 21:52:50,098 [INFO] PluginManage:310 - Check plugin power
2025-01-22 21:52:50,128 [INFO] PluginManage:359 - Loaded plugin power (category:power,tabindex:4)
2025-01-22 21:52:50,129 [INFO] PluginManage:310 - Check plugin projectmanager
2025-01-22 21:52:50,154 [INFO] PluginManage:359 - Loaded plugin projectmanager (category:projectmanager,tabindex:4)
2025-01-22 21:52:50,155 [INFO] PluginManage:310 - Check plugin rif
2025-01-22 21:52:50,194 [INFO] PluginManage:359 - Loaded plugin rif (category:base,tabindex:3)
2025-01-22 21:52:50,195 [INFO] PluginManage:310 - Check plugin thirdparty
2025-01-22 21:52:50,640 [WARN] IntegrityCheckThread:84 - waiting for thirdparty lock release [integrity check]
2025-01-22 21:52:50,641 [INFO] IntegrityCheckThread:86 - entering critical section [integrity check]
2025-01-22 21:52:50,641 [INFO] ThirdPartyUpdaterWithRetryManager:70 - Updater plugin not ready yet. [1/15]
2025-01-22 21:52:50,642 [INFO] PluginManage:359 - Loaded plugin thirdparty (category:base,tabindex:-1)
2025-01-22 21:52:50,642 [INFO] PluginManage:310 - Check plugin tools
2025-01-22 21:52:50,688 [INFO] PluginManage:359 - Loaded plugin tools (category:base,tabindex:7)
2025-01-22 21:52:50,689 [INFO] PluginManage:310 - Check plugin tutovideos
2025-01-22 21:52:51,023 [INFO] PluginManage:359 - Loaded plugin tutovideos (category:base,tabindex:-1)
2025-01-22 21:52:51,023 [INFO] PluginManage:310 - Check plugin updater
2025-01-22 21:52:51,056 [INFO] PluginManage:359 - Loaded plugin updater (category:base,tabindex:12)
2025-01-22 21:52:51,056 [INFO] PluginManage:310 - Check plugin userauth
2025-01-22 21:52:51,063 [INFO] UserAuth:118 - Init User Auth plugin
2025-01-22 21:52:51,064 [INFO] PluginManage:359 - Loaded plugin userauth (category:base,tabindex:14)
2025-01-22 21:52:51,064 [INFO] PluginManage:283 - PluginManage : Loaded plugins [18]
2025-01-22 21:52:51,449 [INFO] PinOutPanel:1589 - setPackage(No Configuration,No Configuration)
2025-01-22 21:52:51,623 [INFO] CADModel:165 - CPN selected for project level
2025-01-22 21:52:51,623 [INFO] CADModel:114 - Register for checkConnection events
2025-01-22 21:52:51,666 [INFO] IPUIPlugin:80 - create IPUIPlugin
2025-01-22 21:52:51,667 [INFO] PluginManager:220 - loadIPPluginJar : add adc
2025-01-22 21:52:51,759 [INFO] IPUIPlugin:80 - create IPUIPlugin
2025-01-22 21:52:51,760 [INFO] PluginManager:220 - loadIPPluginJar : add aes
2025-01-22 21:52:51,873 [INFO] IPUIPlugin:80 - create IPUIPlugin
2025-01-22 21:52:51,873 [INFO] PluginManager:220 - loadIPPluginJar : add can
2025-01-22 21:52:51,911 [INFO] IPUIPlugin:80 - create IPUIPlugin
2025-01-22 21:52:51,911 [INFO] PluginManager:220 - loadIPPluginJar : add comp
2025-01-22 21:52:52,053 [INFO] IPUIPlugin:80 - create IPUIPlugin
2025-01-22 21:52:52,054 [INFO] PluginManager:220 - loadIPPluginJar : add cryp
2025-01-22 21:52:52,081 [INFO] IPUIPlugin:80 - create IPUIPlugin
2025-01-22 21:52:52,082 [INFO] PluginManager:220 - loadIPPluginJar : add ddr_ctrl_phy
2025-01-22 21:52:52,125 [INFO] IPUIPlugin:80 - create IPUIPlugin
2025-01-22 21:52:52,125 [INFO] PluginManager:220 - loadIPPluginJar : add dfsdm
2025-01-22 21:52:52,169 [INFO] IPUIPlugin:80 - create IPUIPlugin
2025-01-22 21:52:52,170 [INFO] PluginManager:220 - loadIPPluginJar : add dma
2025-01-22 21:52:52,315 [INFO] IPUIPlugin:80 - create IPUIPlugin
2025-01-22 21:52:52,316 [INFO] PluginManager:220 - loadIPPluginJar : add dma3
2025-01-22 21:52:52,450 [INFO] IPUIPlugin:80 - create IPUIPlugin
2025-01-22 21:52:52,450 [INFO] PluginManager:220 - loadIPPluginJar : add extmemmanager
2025-01-22 21:52:52,509 [INFO] IPUIPlugin:80 - create IPUIPlugin
2025-01-22 21:52:52,509 [INFO] PluginManager:220 - loadIPPluginJar : add fatfs
2025-01-22 21:52:52,635 [INFO] IPUIPlugin:80 - create IPUIPlugin
2025-01-22 21:52:52,635 [INFO] PluginManager:220 - loadIPPluginJar : add fmc
2025-01-22 21:52:52,676 [INFO] IPUIPlugin:80 - create IPUIPlugin
2025-01-22 21:52:52,676 [INFO] PluginManager:220 - loadIPPluginJar : add freertos
2025-01-22 21:52:52,707 [INFO] IPUIPlugin:80 - create IPUIPlugin
2025-01-22 21:52:52,707 [INFO] PluginManager:220 - loadIPPluginJar : add genericplugin
2025-01-22 21:52:52,973 [INFO] IPUIPlugin:80 - create IPUIPlugin
2025-01-22 21:52:52,974 [INFO] PluginManager:220 - loadIPPluginJar : add gfxmmu
2025-01-22 21:52:53,308 [INFO] IPUIPlugin:80 - create IPUIPlugin
2025-01-22 21:52:53,309 [INFO] PluginManager:220 - loadIPPluginJar : add gic
2025-01-22 21:52:53,337 [INFO] IPUIPlugin:80 - create IPUIPlugin
2025-01-22 21:52:53,337 [INFO] PluginManager:220 - loadIPPluginJar : add gpio
2025-01-22 21:52:53,469 [INFO] IPUIPlugin:80 - create IPUIPlugin
2025-01-22 21:52:53,469 [INFO] PluginManager:220 - loadIPPluginJar : add gtzc
2025-01-22 21:52:53,553 [INFO] IPUIPlugin:80 - create IPUIPlugin
2025-01-22 21:52:53,553 [INFO] PluginManager:220 - loadIPPluginJar : add hash
2025-01-22 21:52:53,643 [INFO] ThirdPartyUpdaterWithRetryManager:70 - Updater plugin not ready yet. [2/15]
2025-01-22 21:52:53,655 [INFO] IPUIPlugin:80 - create IPUIPlugin
2025-01-22 21:52:53,655 [INFO] PluginManager:220 - loadIPPluginJar : add i2c
2025-01-22 21:52:53,730 [INFO] IPUIPlugin:80 - create IPUIPlugin
2025-01-22 21:52:53,730 [INFO] PluginManager:220 - loadIPPluginJar : add i2s
2025-01-22 21:52:53,806 [INFO] IPUIPlugin:80 - create IPUIPlugin
2025-01-22 21:52:53,806 [INFO] PluginManager:220 - loadIPPluginJar : add i3c
2025-01-22 21:52:54,084 [INFO] IPUIPlugin:80 - create IPUIPlugin
2025-01-22 21:52:54,086 [INFO] PluginManager:220 - loadIPPluginJar : add ipddr
2025-01-22 21:52:54,245 [INFO] IPUIPlugin:80 - create IPUIPlugin
2025-01-22 21:52:54,245 [INFO] PluginManager:220 - loadIPPluginJar : add linkedlist
2025-01-22 21:52:54,299 [INFO] IPUIPlugin:80 - create IPUIPlugin
2025-01-22 21:52:54,299 [INFO] PluginManager:220 - loadIPPluginJar : add lorawan
2025-01-22 21:52:54,376 [INFO] IPUIPlugin:80 - create IPUIPlugin
2025-01-22 21:52:54,376 [INFO] PluginManager:220 - loadIPPluginJar : add ltdc
2025-01-22 21:52:54,404 [INFO] IPUIPlugin:80 - create IPUIPlugin
2025-01-22 21:52:54,404 [INFO] PluginManager:220 - loadIPPluginJar : add mdma
2025-01-22 21:52:54,426 [INFO] IPUIPlugin:80 - create IPUIPlugin
2025-01-22 21:52:54,426 [INFO] PluginManager:220 - loadIPPluginJar : add nvic
2025-01-22 21:52:54,471 [INFO] IPUIPlugin:80 - create IPUIPlugin
2025-01-22 21:52:54,471 [INFO] PluginManager:220 - loadIPPluginJar : add opamp
2025-01-22 21:52:54,570 [INFO] IPUIPlugin:80 - create IPUIPlugin
2025-01-22 21:52:54,570 [INFO] PluginManager:220 - loadIPPluginJar : add openamp
2025-01-22 21:52:54,650 [INFO] IPUIPlugin:80 - create IPUIPlugin
2025-01-22 21:52:54,650 [INFO] PluginManager:220 - loadIPPluginJar : add pdm2pcm
2025-01-22 21:52:54,672 [INFO] IPUIPlugin:80 - create IPUIPlugin
2025-01-22 21:52:54,675 [INFO] PluginManager:220 - loadIPPluginJar : add plateformsettings
2025-01-22 21:52:54,702 [INFO] IPUIPlugin:80 - create IPUIPlugin
2025-01-22 21:52:54,703 [INFO] PluginManager:220 - loadIPPluginJar : add quadspi
2025-01-22 21:52:54,759 [INFO] IPUIPlugin:80 - create IPUIPlugin
2025-01-22 21:52:54,759 [INFO] PluginManager:220 - loadIPPluginJar : add radio
2025-01-22 21:52:54,783 [INFO] IPUIPlugin:80 - create IPUIPlugin
2025-01-22 21:52:54,784 [INFO] PluginManager:220 - loadIPPluginJar : add resmgrutility
2025-01-22 21:52:54,865 [INFO] IPUIPlugin:80 - create IPUIPlugin
2025-01-22 21:52:54,865 [INFO] PluginManager:220 - loadIPPluginJar : add sai
2025-01-22 21:52:54,949 [INFO] IPUIPlugin:80 - create IPUIPlugin
2025-01-22 21:52:54,949 [INFO] PluginManager:220 - loadIPPluginJar : add spi
2025-01-22 21:52:55,058 [INFO] IPUIPlugin:80 - create IPUIPlugin
2025-01-22 21:52:55,058 [INFO] PluginManager:220 - loadIPPluginJar : add stm32_wpan
2025-01-22 21:52:55,105 [INFO] IPUIPlugin:80 - create IPUIPlugin
2025-01-22 21:52:55,105 [INFO] PluginManager:220 - loadIPPluginJar : add tim
2025-01-22 21:52:55,235 [INFO] IPUIPlugin:80 - create IPUIPlugin
2025-01-22 21:52:55,235 [INFO] PluginManager:220 - loadIPPluginJar : add touchsensing
2025-01-22 21:52:55,288 [INFO] IPUIPlugin:80 - create IPUIPlugin
2025-01-22 21:52:55,288 [INFO] PluginManager:220 - loadIPPluginJar : add tracer_emb
2025-01-22 21:52:55,344 [INFO] IPUIPlugin:80 - create IPUIPlugin
2025-01-22 21:52:55,344 [INFO] PluginManager:220 - loadIPPluginJar : add ts
2025-01-22 21:52:55,384 [INFO] IPUIPlugin:80 - create IPUIPlugin
2025-01-22 21:52:55,384 [INFO] PluginManager:220 - loadIPPluginJar : add tsc
2025-01-22 21:52:55,416 [INFO] IPUIPlugin:80 - create IPUIPlugin
2025-01-22 21:52:55,416 [INFO] PluginManager:220 - loadIPPluginJar : add ucpd
2025-01-22 21:52:55,500 [INFO] IPUIPlugin:80 - create IPUIPlugin
2025-01-22 21:52:55,500 [INFO] PluginManager:220 - loadIPPluginJar : add usart
2025-01-22 21:52:55,611 [INFO] IPUIPlugin:80 - create IPUIPlugin
2025-01-22 21:52:55,611 [INFO] PluginManager:220 - loadIPPluginJar : add usbx
2025-01-22 21:52:55,769 [FATAL] Updater:351 - Updater called before beeing initialized
2025-01-22 21:52:55,813 [INFO] RulesReader:64 - Compatibility file has been processed (297 Rules)
2025-01-22 21:52:55,830 [INFO] RulesReader:64 - Compatibility file has been processed (297 Rules)
2025-01-22 21:52:55,840 [INFO] CADModel:165 - CPN selected for project level
2025-01-22 21:52:55,841 [INFO] CADModel:114 - Register for checkConnection events
2025-01-22 21:52:55,841 [FATAL] Updater:351 - Updater called before beeing initialized
2025-01-22 21:52:55,841 [ERROR] CADModel:125 - Updater not yet initialized, retry later 
2025-01-22 21:52:56,106 [FATAL] Updater:351 - Updater called before beeing initialized
2025-01-22 21:52:56,109 [INFO] CADModel:165 - CPN selected for project level
2025-01-22 21:52:56,109 [INFO] CADModel:114 - Register for checkConnection events
2025-01-22 21:52:56,109 [FATAL] Updater:351 - Updater called before beeing initialized
2025-01-22 21:52:56,109 [ERROR] CADModel:125 - Updater not yet initialized, retry later 
2025-01-22 21:52:56,114 [FATAL] Updater:351 - Updater called before beeing initialized
2025-01-22 21:52:56,298 [FATAL] Updater:351 - Updater called before beeing initialized
2025-01-22 21:52:56,314 [INFO] DbMcusAds:53 - JSON generation date=Tue Dec 17 23:01:15 ICT 2024 (1734451275143)
2025-01-22 21:52:56,314 [FATAL] Updater:351 - Updater called before beeing initialized
2025-01-22 21:52:56,384 [WARN] DetailPanel:346 - Failed to get advertising image, set to default
2025-01-22 21:52:56,644 [INFO] ThirdPartyUpdaterWithRetryManager:70 - Updater plugin not ready yet. [3/15]
2025-01-22 21:52:56,878 [FATAL] Updater:351 - Updater called before beeing initialized
2025-01-22 21:52:56,884 [FATAL] Updater:351 - Updater called before beeing initialized
2025-01-22 21:52:56,914 [FATAL] Updater:351 - Updater called before beeing initialized
2025-01-22 21:52:56,915 [WARN] DetailPanel:346 - Failed to get advertising image, set to default
2025-01-22 21:52:56,916 [FATAL] Updater:351 - Updater called before beeing initialized
2025-01-22 21:52:56,998 [ERROR] Updater:1198 - MainUpdater not yet initialized. External WinMGr cannot be set.
2025-01-22 21:52:57,010 [INFO] Updater:1134 - Updater Version found : 6.13.0
2025-01-22 21:52:57,035 [INFO] ApplicationProperties:184 - Using Application install path: C:\ST\STM32CubeIDE_1.15.1\STM32CubeIDE\plugins\com.st.stm32cube.common.mx_6.13.0.202411220809
2025-01-22 21:52:58,637 [ERROR] LogOutputStream:75 - [STDERR_REDIRECT] Jan 22, 2025 9:52:58 PM java.util.prefs.WindowsPreferences <init>
2025-01-22 21:52:58,639 [ERROR] LogOutputStream:75 - [STDERR_REDIRECT] WARNING: Could not open/create prefs root node Software\JavaSoft\Prefs at root 0xffffffff80000002. Windows RegCreateKeyEx(...) returned error code 5.
2025-01-22 21:52:58,639 [ERROR] LogOutputStream:75 - [STDERR_REDIRECT] 
2025-01-22 21:52:59,049 [INFO] MainUpdater:2872 - connection check result : 10
2025-01-22 21:52:59,050 [INFO] MainUpdater:289 - Updater Check For Update Now.
2025-01-22 21:52:59,051 [INFO] MicroXplorer:498 - Change Database Version : DB.6.0.130
2025-01-22 21:52:59,075 [INFO] McuFinderGlobals:63 - Set McuFinder mode to 2 (CubeIDE integrated)
2025-01-22 21:52:59,088 [INFO] UserAuth:486 - Internet connection configuration mode: 1
2025-01-22 21:52:59,134 [INFO] JxBrowserEngine:152 - Initiate JxBrowser Engine with user profile folder
2025-01-22 21:52:59,440 [INFO] CheckServerUpdateThread:120 - End of CheckServer Thread
2025-01-22 21:53:00,252 [WARN] PackLoader:240 - Cannot read IP mode file for STMicroelectronics.FP-SNS-MOTENVWB1.1.4.0
2025-01-22 21:53:00,283 [WARN] PackLoader:240 - Cannot read IP mode file for STMicroelectronics.FP-ATR-ASTRA1.2.0.1
2025-01-22 21:53:00,357 [WARN] PackLoader:240 - Cannot read IP mode file for STMicroelectronics.X-CUBE-SMBUS.2.1.0
2025-01-22 21:53:00,444 [WARN] PackLoader:240 - Cannot read IP mode file for STMicroelectronics.X-CUBE-WB05N.1.1.0
2025-01-22 21:53:00,651 [WARN] PackLoader:240 - Cannot read IP mode file for STMicroelectronics.X-CUBE-AZRTOS-F7.1.1.0
2025-01-22 21:53:00,922 [WARN] PackLoader:240 - Cannot read IP mode file for STMicroelectronics.X-CUBE-MEMS1.11.0.0
2025-01-22 21:53:01,330 [WARN] PackLoader:240 - Cannot read IP mode file for STMicroelectronics.FP-SNS-FLIGHT1.5.0.2
2025-01-22 21:53:01,380 [WARN] PackLoader:240 - Cannot read IP mode file for STMicroelectronics.X-CUBE-DISPLAY.3.0.0
2025-01-22 21:53:01,450 [WARN] PackLoader:240 - Cannot read IP mode file for STMicroelectronics.X-CUBE-BLE1.7.0.0
2025-01-22 21:53:01,491 [WARN] PackLoader:240 - Cannot read IP mode file for STMicroelectronics.X-CUBE-NFC10.1.0.0
2025-01-22 21:53:01,542 [WARN] PackLoader:240 - Cannot read IP mode file for STMicroelectronics.X-CUBE-BLEMGR.4.0.0
2025-01-22 21:53:01,584 [WARN] PackLoader:240 - Cannot read IP mode file for emotas.I-CUBE-CANOPEN.1.3.0
2025-01-22 21:53:01,634 [WARN] PackLoader:240 - Cannot read IP mode file for STMicroelectronics.X-CUBE-BLEMGR.3.1.0
2025-01-22 21:53:01,671 [WARN] PackLoader:240 - Cannot read IP mode file for STMicroelectronics.FP-SNS-SMARTAG2.1.2.0
2025-01-22 21:53:01,884 [WARN] PackLoader:240 - Cannot read IP mode file for STMicroelectronics.X-CUBE-MEMS1.11.1.0
2025-01-22 21:53:02,179 [INFO] WebApp:168 - Instantiating new browser for Auth
2025-01-22 21:53:02,396 [INFO] LogOutputStream:77 - [STDOUT_REDIRECT] 1 : Invalid condition id : UX_CORESTACK_Condition cause : null
2025-01-22 21:53:02,397 [INFO] LogOutputStream:77 - [STDOUT_REDIRECT] 1 : Invalid condition id : UX_CORESTACK_Condition cause : null
2025-01-22 21:53:02,400 [INFO] LogOutputStream:77 - [STDOUT_REDIRECT] 1 : Invalid condition id : UX_CORESTACK_Condition cause : null
2025-01-22 21:53:02,402 [INFO] LogOutputStream:77 - [STDOUT_REDIRECT] 1 : Invalid condition id : UX_CORESTACK_Condition cause : null
2025-01-22 21:53:02,404 [INFO] LogOutputStream:77 - [STDOUT_REDIRECT] 1 : Invalid condition id : UX_CORESTACK_Condition cause : null
2025-01-22 21:53:02,413 [WARN] PackLoader:240 - Cannot read IP mode file for STMicroelectronics.X-CUBE-AZRTOS-WL.2.0.0
2025-01-22 21:53:02,487 [WARN] PackLoader:240 - Cannot read IP mode file for STMicroelectronics.FP-SNS-MOTENV1.5.0.0
2025-01-22 21:53:02,790 [WARN] PackLoader:240 - Cannot read IP mode file for wolfSSL.I-CUBE-wolfMQTT.1.19.0
2025-01-22 21:53:02,823 [WARN] PackLoader:240 - Cannot read IP mode file for WES.I-CUBE-Cesium.1.3.0
2025-01-22 21:53:02,857 [WARN] PackLoader:240 - Cannot read IP mode file for STMicroelectronics.X-CUBE-BLE2.3.3.0
2025-01-22 21:53:02,893 [WARN] PackLoader:240 - Cannot read IP mode file for STMicroelectronics.X-CUBE-NFC9.1.0.0
2025-01-22 21:53:02,929 [WARN] PackLoader:240 - Cannot read IP mode file for STMicroelectronics.X-CUBE-TCPP.4.1.0
2025-01-22 21:53:02,975 [WARN] PackLoader:240 - Cannot read IP mode file for STMicroelectronics.X-CUBE-AZRTOS-G0.1.1.0
2025-01-22 21:53:03,009 [WARN] PackLoader:240 - Cannot read IP mode file for STMicroelectronics.X-CUBE-SAFEA1.1.2.2
2025-01-22 21:53:03,040 [WARN] PackLoader:240 - Cannot read IP mode file for STMicroelectronics.X-CUBE-NFC4.3.0.0
2025-01-22 21:53:03,069 [WARN] PackLoader:240 - Cannot read IP mode file for EmbeddedOffice.I-CUBE-FS-RTOS.1.0.1
2025-01-22 21:53:03,091 [WARN] PackLoader:240 - Cannot read IP mode file for STMicroelectronics.X-CUBE-TCPP.4.2.0
2025-01-22 21:53:03,117 [WARN] PackLoader:240 - Cannot read IP mode file for RealThread.X-CUBE-RT-Thread_Nano.4.1.1
2025-01-22 21:53:03,137 [WARN] PackLoader:240 - Cannot read IP mode file for STMicroelectronics.FP-ATR-SIGFOX1.3.2.0
2025-01-22 21:53:03,159 [WARN] PackLoader:240 - Cannot read IP mode file for wolfSSL.I-CUBE-wolfSSL.5.7.2
2025-01-22 21:53:03,178 [WARN] ConditionMgr:438 - getConditionDescription Invalid condition id : Cortex-A Device cause : null
2025-01-22 21:53:03,223 [WARN] ConditionMgr:1044 - genDependencies : Invalid condition id : Cortex-A Device cause : null
2025-01-22 21:53:03,224 [WARN] ConditionMgr:1044 - genDependencies : Invalid condition id : Cortex-A Device cause : null
2025-01-22 21:53:03,224 [WARN] ConditionMgr:1044 - genDependencies : Invalid condition id : Cortex-A Device cause : null
2025-01-22 21:53:03,250 [WARN] PackLoader:240 - Cannot read IP mode file for STMicroelectronics.X-CUBE-EEPRMA1.5.1.0
2025-01-22 21:53:03,283 [WARN] PackLoader:240 - Cannot read IP mode file for ITTIA_DB.I-CUBE-ITTIADB.8.9.0
2025-01-22 21:53:03,345 [WARN] PackLoader:240 - Cannot read IP mode file for SEGGER.I-CUBE-embOS.1.3.1
2025-01-22 21:53:03,402 [WARN] PackLoader:240 - Cannot read IP mode file for STMicroelectronics.X-CUBE-ALGOBUILD.1.4.0
2025-01-22 21:53:03,426 [WARN] PackLoader:240 - Cannot read IP mode file for STMicroelectronics.X-CUBE-AI.9.1.0
2025-01-22 21:53:03,476 [WARN] PackLoader:240 - Cannot read IP mode file for STMicroelectronics.X-CUBE-AZRTOS-F4.1.1.0
2025-01-22 21:53:03,501 [WARN] PackLoader:240 - Cannot read IP mode file for STMicroelectronics.X-CUBE-ISPU.2.1.0
2025-01-22 21:53:03,530 [WARN] PackLoader:240 - Cannot read IP mode file for STMicroelectronics.X-CUBE-FREERTOS.1.2.0
2025-01-22 21:53:03,598 [WARN] PackLoader:240 - Cannot read IP mode file for STMicroelectronics.X-CUBE-AZRTOS-L5.2.0.0
2025-01-22 21:53:03,650 [WARN] PackLoader:240 - Cannot read IP mode file for STMicroelectronics.X-CUBE-NFC6.3.1.0
2025-01-22 21:53:03,687 [WARN] PackLoader:240 - Cannot read IP mode file for STMicroelectronics.X-CUBE-DPower.1.2.0
2025-01-22 21:53:03,711 [WARN] PackLoader:240 - Cannot read IP mode file for STMicroelectronics.X-CUBE-AI.9.0.0
2025-01-22 21:53:03,772 [WARN] PackLoader:240 - Cannot read IP mode file for STMicroelectronics.X-CUBE-FREERTOS.1.3.0
2025-01-22 21:53:03,797 [WARN] PackLoader:240 - Cannot read IP mode file for STMicroelectronics.X-CUBE-NFC7.1.0.1
2025-01-22 21:53:03,861 [WARN] ConditionMgr:438 - getConditionDescription Invalid condition id : LAN8742 Phy interface Condition cause : null
2025-01-22 21:53:03,862 [WARN] PackLoader:240 - Cannot read IP mode file for STMicroelectronics.X-CUBE-AZRTOS-L4.2.0.0
2025-01-22 21:53:03,864 [WARN] ConditionMgr:1044 - genDependencies : Invalid condition id : LAN8742 Phy interface Condition cause : null
2025-01-22 21:53:03,865 [WARN] ConditionMgr:1044 - genDependencies : Invalid condition id : LAN8742 Phy interface Condition cause : null
2025-01-22 21:53:03,866 [WARN] ConditionMgr:1044 - genDependencies : Invalid condition id : LAN8742 Phy interface Condition cause : null
2025-01-22 21:53:03,906 [WARN] PackLoader:240 - Cannot read IP mode file for STMicroelectronics.X-CUBE-SFXS2LP1.4.0.0
2025-01-22 21:53:04,000 [WARN] PackLoader:240 - Cannot read IP mode file for STMicroelectronics.X-CUBE-AZRTOS-H7.3.3.0
2025-01-22 21:53:04,062 [WARN] PackLoader:240 - Cannot read IP mode file for STMicroelectronics.X-CUBE-IPS.3.0.0
2025-01-22 21:53:04,164 [WARN] ConditionMgr:438 - getConditionDescription Invalid condition id : UX DEVICE CLASS RTOS Condition cause : null
2025-01-22 21:53:04,165 [WARN] ConditionMgr:438 - getConditionDescription Invalid condition id : UX DEVICE CLASS RTOS Condition cause : null
2025-01-22 21:53:04,170 [WARN] PackLoader:240 - Cannot read IP mode file for STMicroelectronics.X-CUBE-AZRTOS-WB.2.0.0
2025-01-22 21:53:04,173 [WARN] ConditionMgr:1044 - genDependencies : Invalid condition id : UX DEVICE CLASS RTOS Condition cause : null
2025-01-22 21:53:04,174 [WARN] ConditionMgr:1044 - genDependencies : Invalid condition id : UX DEVICE CLASS RTOS Condition cause : null
2025-01-22 21:53:04,175 [WARN] ConditionMgr:1044 - genDependencies : Invalid condition id : UX DEVICE CLASS RTOS Condition cause : null
2025-01-22 21:53:04,176 [WARN] ConditionMgr:1044 - genDependencies : Invalid condition id : UX DEVICE CLASS RTOS Condition cause : null
2025-01-22 21:53:04,176 [WARN] ConditionMgr:1044 - genDependencies : Invalid condition id : UX DEVICE CLASS RTOS Condition cause : null
2025-01-22 21:53:04,273 [WARN] PackLoader:240 - Cannot read IP mode file for STMicroelectronics.X-CUBE-GNSS1.7.0.0
2025-01-22 21:53:04,382 [WARN] PackLoader:240 - Cannot read IP mode file for STMicroelectronics.X-CUBE-GNSS1.7.0.1
2025-01-22 21:53:04,396 [INFO] WebApp:449 - Apply proxy settings
2025-01-22 21:53:04,397 [INFO] WebApp:534 - Chromium requires no authentication
2025-01-22 21:53:04,438 [WARN] PackLoader:240 - Cannot read IP mode file for STMicroelectronics.FP-SNS-STBOX1.2.0.0
2025-01-22 21:53:04,449 [INFO] WebApp:477 - Direct internet connection detected
2025-01-22 21:53:04,509 [WARN] PackLoader:240 - Cannot read IP mode file for STMicroelectronics.X-CUBE-SUBG2.5.0.0
2025-01-22 21:53:04,616 [WARN] PackLoader:240 - Cannot read IP mode file for Cesanta.I-CUBE-Mongoose.7.13.0
2025-01-22 21:53:04,692 [WARN] PackLoader:240 - Cannot read IP mode file for STMicroelectronics.X-CUBE-AZRTOS-G4.2.0.0
2025-01-22 21:53:04,734 [WARN] PackLoader:240 - Cannot read IP mode file for STMicroelectronics.X-CUBE-ISPU.2.0.0
2025-01-22 21:53:04,775 [INFO] WebApp:880 - Register for checkConnection events
2025-01-22 21:53:04,775 [INFO] WebApp:449 - Apply proxy settings
2025-01-22 21:53:04,775 [INFO] WebApp:534 - Chromium requires no authentication
2025-01-22 21:53:04,778 [INFO] WebApp:477 - Direct internet connection detected
2025-01-22 21:53:04,895 [WARN] PackLoader:240 - Cannot read IP mode file for STMicroelectronics.X-CUBE-IPS.3.1.0
2025-01-22 21:53:04,971 [WARN] PackLoader:240 - Cannot read IP mode file for STMicroelectronics.X-CUBE-ALS.1.0.2
2025-01-22 21:53:05,012 [WARN] PackLoader:240 - Cannot read IP mode file for STMicroelectronics.X-CUBE-TOUCHGFX.4.24.0
2025-01-22 21:53:05,045 [WARN] PackLoader:240 - Cannot read IP mode file for STMicroelectronics.X-CUBE-TOUCHGFX.4.24.2
2025-01-22 21:53:05,082 [WARN] PackLoader:240 - Cannot read IP mode file for STMicroelectronics.X-CUBE-TOUCHGFX.4.24.1
2025-01-22 21:53:05,123 [WARN] PackLoader:240 - Cannot read IP mode file for wolfSSL.I-CUBE-wolfTPM.3.4.0
2025-01-22 21:53:05,157 [WARN] PackLoader:240 - Cannot read IP mode file for portGmbH.I-Cube-SoM-uGOAL.1.1.0
2025-01-22 21:53:05,212 [WARN] PackLoader:240 - Cannot read IP mode file for STMicroelectronics.X-CUBE-AZRTOS-H7RS.1.0.0
2025-01-22 21:53:05,246 [WARN] PackLoader:240 - Cannot read IP mode file for STMicroelectronics.FP-ATR-ASTRA1.2.0.0
2025-01-22 21:53:05,290 [WARN] PackLoader:240 - Cannot read IP mode file for STMicroelectronics.X-CUBE-TOF1.3.4.2
2025-01-22 21:53:05,396 [INFO] WebApp:187 - Connection restablished
2025-01-22 21:53:05,418 [WARN] PackLoader:240 - Cannot read IP mode file for Infineon.AIROC-Wi-Fi-Bluetooth-STM32.1.6.1
2025-01-22 21:53:05,463 [WARN] PackLoader:240 - Cannot read IP mode file for wolfSSL.I-CUBE-wolfSSH.1.4.17
2025-01-22 21:53:05,465 [INFO] ThirdParty:978 - Integrity check success = true
2025-01-22 21:53:05,466 [INFO] IntegrityCheckThread:100 - exiting critical section [integrity check]
2025-01-22 21:53:05,466 [INFO] IntegrityCheckThread:103 - End integrity checks thread
2025-01-22 21:53:05,908 [INFO] WebApp:221 - Starting web application
2025-01-22 21:53:05,909 [INFO] WebApp:579 - Web application path used C:\ST\STM32CubeIDE_1.15.1\STM32CubeIDE\plugins\com.st.stm32cube.common.mx_6.13.0.202411220809\db\plugins\mcufinder\reactClient1\index.html
2025-01-22 21:53:06,412 [INFO] UserAuth:486 - Internet connection configuration mode: 1
2025-01-22 21:56:51,911 [ERROR] LogOutputStream:75 - [STDERR_REDIRECT] 
2025-01-22 21:56:51,941 [ERROR] LogOutputStream:75 - [STDERR_REDIRECT] 
